#
# A fatal error has been detected by the Java Runtime Environment:
#
#  SIGSEGV (0xb) at pc=0x00007fdbca22f93c, pid=7776, tid=7777
#
# JRE version: OpenJDK Runtime Environment Temurin-17.0.10+7 (17.0.10+7) (build 17.0.10+7)
# Java VM: OpenJDK 64-Bit Server VM Temurin-17.0.10+7 (17.0.10+7, mixed mode, tiered, compressed oops, compressed class ptrs, g1 gc, linux-amd64)
# Problematic frame:
# J 170 c1 jdk.internal.org.objectweb.asm.ByteVector.putUTF8(Ljava/lang/String;)Ljdk/internal/org/objectweb/asm/ByteVector; java.base@17.0.10 (144 bytes) @ 0x00007fdbca22f93c [0x00007fdbca22f280+0x00000000000006bc]
#
# Core dump will be written. Default location: Core dumps may be processed with "/usr/lib/systemd/systemd-coredump %P %u %g %s %t %c %h" (or dumping to /home/cjcleverson/Desenvolvimento/Spring-boot/spring-batch/core.7776)
#
# If you would like to submit a bug report, please visit:
#   https://github.com/adoptium/adoptium-support/issues
#

---------------  S U M M A R Y ------------

Command Line: -Dapplication.home=/home/cjcleverson/.vscode/extensions/redhat.java-1.29.0-linux-x64/jre/17.0.10-linux-x86_64 -Xms8m -Djdk.module.main=jdk.jcmd jdk.jcmd/sun.tools.jcmd.JCmd 4303 VM.uptime

Host: AMD FX(tm)-4100 Quad-Core Processor, 8 cores, 7G, Fedora release 37 (Thirty Seven)
Time: Fri Apr 12 22:49:53 2024 -03 elapsed time: 0.228708 seconds (0d 0h 0m 0s)

---------------  T H R E A D  ---------------

Current thread (0x00007fdbdc025b50):  JavaThread "main" [_thread_in_Java, id=7777, stack(0x00007fdbe281e000,0x00007fdbe291e000)]

Stack: [0x00007fdbe281e000,0x00007fdbe291e000],  sp=0x00007fdbe291af68,  free space=1011k
Native frames: (J=compiled Java code, j=interpreted, Vv=VM code, C=native code)
J 170 c1 jdk.internal.org.objectweb.asm.ByteVector.putUTF8(Ljava/lang/String;)Ljdk/internal/org/objectweb/asm/ByteVector; java.base@17.0.10 (144 bytes) @ 0x00007fdbca22f93c [0x00007fdbca22f280+0x00000000000006bc]

[error occurred during error reporting (printing native stack), id 0xb, SIGSEGV (0xb) at pc=0x00007fdbe35ab6d0]


siginfo: si_signo: 11 (SIGSEGV), si_code: 1 (SEGV_MAPERR), si_addr: 0x00007fdb0000002d

Registers:
RAX=0x00007fdbe291afe0, RBX=0x0000000000000000, RCX=0x0000000000000250, RDX=0x0000000000007fdb
RSP=0x00007fdbe291af68, RBP=0x00007fdbe291b0a8, RSI=0x00007fdb00000021, RDI=0x0000000000000021
R8 =0x000000000000006a, R9 =0x0000000000000000, R10=0x00007fdbe3d38ac0, R11=0x00007fdbac2c91b8
R12=0x0000000000000000, R13=0x0000000000000158, R14=0x000000000000256e, R15=0x00007fdbdc025b50
RIP=0x00007fdbca22f93c, EFLAGS=0x0000000000010287, CSGSFS=0x002b000000000033, ERR=0x0000000000000006
  TRAPNO=0x000000000000000e


Register to memory mapping:

RAX=0x00007fdbe291afe0 is pointing into the stack for thread: 0x00007fdbdc025b50
RBX=0x0 is NULL
RCX=0x0000000000000250 is an unknown value
RDX=0x0000000000007fdb is an unknown value
RSP=0x00007fdbe291af68 is pointing into the stack for thread: 0x00007fdbdc025b50
RBP=0x00007fdbe291b0a8 is pointing into the stack for thread: 0x00007fdbdc025b50
RSI=0x00007fdb00000021 is an unknown value
RDI=0x0000000000000021 is an unknown value
R8 =0x000000000000006a is an unknown value
R9 =0x0 is NULL
R10=0x00007fdbe3d38ac0: <offset 0x0000000001338ac0> in /home/cjcleverson/.vscode/extensions/redhat.java-1.29.0-linux-x64/jre/17.0.10-linux-x86_64/lib/server/libjvm.so at 0x00007fdbe2a00000
R11=0x00007fdbac2c91b8 is pointing into metadata
R12=0x0 is NULL
R13=0x0000000000000158 is an unknown value
R14=0x000000000000256e is an unknown value
R15=0x00007fdbdc025b50 is a thread


Top of Stack: (sp=0x00007fdbe291af68)
0x00007fdbe291af68:   00007fdbe357c548 00007fdbe291afb0
0x00007fdbe291af78:   0000000084c89f68 00007fdbe291aff0
0x00007fdbe291af88:   00007fdbdc025b50 00007fdbe291af78
0x00007fdbe291af98:   00007fdbe2910000 0000000000000000
0x00007fdbe291afa8:   00007fdbdc025b00 00007fdbe291b030
0x00007fdbe291afb8:   0000000000000001 00007fdbdc025b50
0x00007fdbe291afc8:   00000001000407e0 0000000000000028
0x00007fdbe291afd8:   0000000084c89930 00000000000000c0
0x00007fdbe291afe8:   0000000084c89e68 00007fdb00000021
0x00007fdbe291aff8:   0000000084c89930 00000003e291b058
0x00007fdbe291b008:   00007fdbac380ff0 0000000084c89e80
0x00007fdbe291b018:   0000000084deafc8 00007fdbac380520
0x00007fdbe291b028:   0000000000000000 00007fdbe291b0a8
0x00007fdbe291b038:   00007fdbd1740385 00007fdbd1740385
0x00007fdbe291b048:   00007fdbd1740385 0000000084c89930
0x00007fdbe291b058:   0000000084c89e68 00007fdbe291b060
0x00007fdbe291b068:   00007fdbac37ce11 00007fdbe291b0d0
0x00007fdbe291b078:   00007fdbac37e360 0000000000000000
0x00007fdbe291b088:   0000000084dea400 00007fdbac37ce38
0x00007fdbe291b098:   00007fdbe291b050 00007fdbe291b0c8
0x00007fdbe291b0a8:   00007fdbe291b130 00007fdbd1740340
0x00007fdbe291b0b8:   0000000000000000 0000000026ea0ca1
0x00007fdbe291b0c8:   0000000084c89930 0000000084c89a18
0x00007fdbe291b0d8:   0000000000000007 0000000084c89e68
0x00007fdbe291b0e8:   00007fdbe291b0e8 00007fdbac37d664
0x00007fdbe291b0f8:   00007fdbe291b160 00007fdbac37e360
0x00007fdbe291b108:   0000000000000000 0000000084dea400
0x00007fdbe291b118:   00007fdbac37d688 00007fdbe291b0c8
0x00007fdbe291b128:   00007fdbe291b150 00007fdbe291b1b0
0x00007fdbe291b138:   00007fdbd1740385 0000000000000000
0x00007fdbe291b148:   0000000026ea0ca7 0000000084c89930
0x00007fdbe291b158:   0000000000000007 0000000084c89a18 

Instructions: (pc=0x00007fdbca22f93c)
0x00007fdbca22f83c:   ac db 7f 00 00 58 b9 50 02 00 00 00 00 00 00 0f
0x00007fdbca22f84c:   8c 0a 00 00 00 48 b9 60 02 00 00 00 00 00 00 48
0x00007fdbca22f85c:   8b 34 0a 48 8d 76 01 48 89 34 0a 0f 8c c0 00 00
0x00007fdbca22f86c:   00 41 83 f8 7f 48 ba 60 b2 58 ac db 7f 00 00 48
0x00007fdbca22f87c:   b9 70 02 00 00 00 00 00 00 0f 8f 0a 00 00 00 48
0x00007fdbca22f88c:   b9 80 02 00 00 00 00 00 00 48 8b 34 0a 48 8d 76
0x00007fdbca22f89c:   01 48 89 34 0a 0f 8f 86 00 00 00 8b 94 24 a4 00
0x00007fdbca22f8ac:   00 00 48 8b bc 24 b0 00 00 00 48 8b ca ff c1 3b
0x00007fdbca22f8bc:   57 0c 0f 83 4b 03 00 00 48 63 d2 44 88 44 17 10
0x00007fdbca22f8cc:   48 ba 60 b2 58 ac db 7f 00 00 ff 82 90 02 00 00
0x00007fdbca22f8dc:   ff c3 48 ba 60 b2 58 ac db 7f 00 00 44 8b 82 f8
0x00007fdbca22f8ec:   00 00 00 41 83 c4 02 44 89 82 f8 00 00 00 41 81
0x00007fdbca22f8fc:   e0 fe 3f 00 00 41 83 f8 00 0f 84 12 03 00 00 4d
0x00007fdbca22f90c:   8b 97 50 03 00 00 41 85 02 48 ba 60 b2 58 ac db
0x00007fdbca22f91c:   7f 00 00 ff 82 e4 02 00 00 48 8b d1 e9 83 fb ff
0x00007fdbca22f92c:   ff 8b 94 24 a4 00 00 00 48 8b b4 24 88 00 00 00
0x00007fdbca22f93c:   89 56 0c 48 8b d6 48 b9 60 b2 58 ac db 7f 00 00
0x00007fdbca22f94c:   48 83 81 a8 02 00 00 01 48 8b 94 24 98 00 00 00
0x00007fdbca22f95c:   48 8b cb 41 b8 ff ff 00 00 66 90 e8 14 87 55 07
0x00007fdbca22f96c:   48 81 c4 d0 00 00 00 5d 49 3b a7 48 03 00 00 0f
0x00007fdbca22f97c:   87 bd 02 00 00 c3 8b 94 24 a4 00 00 00 48 8b b4
0x00007fdbca22f98c:   24 88 00 00 00 89 56 0c 48 8b c6 48 81 c4 d0 00
0x00007fdbca22f99c:   00 00 5d 49 3b a7 48 03 00 00 0f 87 a8 02 00 00
0x00007fdbca22f9ac:   c3 66 66 90 e9 c4 02 00 00 00 00 00 00 00 e9 c4
0x00007fdbca22f9bc:   02 00 00 48 8b d0 49 bb b8 91 2c ac db 7f 00 00
0x00007fdbca22f9cc:   49 83 83 78 01 00 00 01 48 8b d3 48 8b f0 89 9c
0x00007fdbca22f9dc:   24 a0 00 00 00 48 89 84 24 b8 00 00 00 66 0f 1f
0x00007fdbca22f9ec:   44 00 00 e8 8c 86 55 07 48 8b 84 24 b8 00 00 00
0x00007fdbca22f9fc:   e9 d4 02 00 00 0f 1f 80 00 00 00 00 e9 92 02 00
0x00007fdbca22fa0c:   00 00 00 00 00 00 49 8b 87 08 01 00 00 48 8d 78
0x00007fdbca22fa1c:   28 49 3b bf 18 01 00 00 0f 87 7f 02 00 00 49 89
0x00007fdbca22fa2c:   bf 08 01 00 00 48 c7 00 01 00 00 00 48 8b ca 48 


Stack slot to memory mapping:
stack at sp + 0 slots: 0x00007fdbe357c548: <offset 0x0000000000b7c548> in /home/cjcleverson/.vscode/extensions/redhat.java-1.29.0-linux-x64/jre/17.0.10-linux-x86_64/lib/server/libjvm.so at 0x00007fdbe2a00000
stack at sp + 1 slots: 0x00007fdbe291afb0 is pointing into the stack for thread: 0x00007fdbdc025b50
stack at sp + 2 slots: 0x0000000084c89f68 is an oop: [B 
{0x0000000084c89f68} - klass: {type array byte}
 - length: 40
stack at sp + 3 slots: 0x00007fdbe291aff0 is pointing into the stack for thread: 0x00007fdbdc025b50
stack at sp + 4 slots: 0x00007fdbdc025b50 is a thread
stack at sp + 5 slots: 0x00007fdbe291af78 is pointing into the stack for thread: 0x00007fdbdc025b50
stack at sp + 6 slots: 0x00007fdbe2910000 is pointing into the stack for thread: 0x00007fdbdc025b50
stack at sp + 7 slots: 0x0 is NULL


Compiled method (c1)     243  170       3       jdk.internal.org.objectweb.asm.ByteVector::putUTF8 (144 bytes)
 total in heap  [0x00007fdbca22f010,0x00007fdbca230218] = 4616
 relocation     [0x00007fdbca22f170,0x00007fdbca22f278] = 264
 main code      [0x00007fdbca22f280,0x00007fdbca22fd00] = 2688
 stub code      [0x00007fdbca22fd00,0x00007fdbca22fd80] = 128
 metadata       [0x00007fdbca22fd80,0x00007fdbca22fdd0] = 80
 scopes data    [0x00007fdbca22fdd0,0x00007fdbca22ffc0] = 496
 scopes pcs     [0x00007fdbca22ffc0,0x00007fdbca2301d0] = 528
 dependencies   [0x00007fdbca2301d0,0x00007fdbca2301d8] = 8
 nul chk table  [0x00007fdbca2301d8,0x00007fdbca230218] = 64

[Constant Pool (empty)]

[MachCode]
[Entry Point]
  # {method} {0x00007fdbac380c38} 'putUTF8' '(Ljava/lang/String;)Ljdk/internal/org/objectweb/asm/ByteVector;' in 'jdk/internal/org/objectweb/asm/ByteVector'
  # this:     rsi:rsi   = 'jdk/internal/org/objectweb/asm/ByteVector'
  # parm0:    rdx:rdx   = 'java/lang/String'
  #           [sp+0xe0]  (sp of caller)
  0x00007fdbca22f280: 448b 5608 | 49c1 e203 

  0x00007fdbca22f288: ;   {runtime_call ic_miss_stub}
  0x00007fdbca22f288: 4c3b d00f | 85ef 8a55 | 070f 1f84 | 0000 0000 | 000f 1f80 | 0000 0000 
[Verified Entry Point]
  0x00007fdbca22f2a0: 8984 2400 | c0fe ff55 | 4881 ecd0 | 0000 0048 | 89b4 2488 | 0000 0048 | 8994 2498 

  0x00007fdbca22f2bc: ;   {metadata(method data for {method} {0x00007fdbac380c38} 'putUTF8' '(Ljava/lang/String;)Ljdk/internal/org/objectweb/asm/ByteVector;' in 'jdk/internal/org/objectweb/asm/ByteVector')}
  0x00007fdbca22f2bc: 0000 0048 | b960 b258 | acdb 7f00 | 008b b9f4 | 0000 0083 | c702 89b9 | f400 0000 | 81e7 fe07 
  0x00007fdbca22f2dc: 0000 83ff | 000f 84b2 | 0700 0048 | 3b02 488b 

  0x00007fdbca22f2ec: ;   {metadata(method data for {method} {0x00007fdbac380c38} 'putUTF8' '(Ljava/lang/String;)Ljdk/internal/org/objectweb/asm/ByteVector;' in 'jdk/internal/org/objectweb/asm/ByteVector')}
  0x00007fdbca22f2ec: ca48 bf60 | b258 acdb | 7f00 0048 | 8387 3801 

  0x00007fdbca22f2fc: ;   {metadata(method data for {method} {0x00007fdbac008060} 'length' '()I' in 'java/lang/String')}
  0x00007fdbca22f2fc: 0000 0148 | b900 c424 | acdb 7f00 | 008b b9f4 | 0000 0083 | c702 89b9 | f400 0000 | 81e7 feff 
  0x00007fdbca22f31c: 1f00 83ff | 000f 8498 | 0700 008b | 4a14 8b79 | 0c48 8bca 

  0x00007fdbca22f330: ;   {metadata(method data for {method} {0x00007fdbac008060} 'length' '()I' in 'java/lang/String')}
  0x00007fdbca22f330: 48bb 00c4 | 24ac db7f | 0000 4883 | 8338 0100 

  0x00007fdbca22f340: ;   {metadata(method data for {method} {0x00007fdbac00c5b0} 'coder' '()B' in 'java/lang/String')}
  0x00007fdbca22f340: 0001 48b9 | 60c2 24ac | db7f 0000 | 8b99 f400 | 0000 83c3 | 0289 99f4 | 0000 0081 | e3fe ff1f 
  0x00007fdbca22f360: 0083 fb00 | 0f84 7b07 

  0x00007fdbca22f368: ;   {metadata(method data for {method} {0x00007fdbac00c5b0} 'coder' '()B' in 'java/lang/String')}
  0x00007fdbca22f368: 0000 48b9 | 60c2 24ac | db7f 0000 | ff81 4801 | 0000 0fbe 

  0x00007fdbca22f37c: ;   {metadata(method data for {method} {0x00007fdbac00c5b0} 'coder' '()B' in 'java/lang/String')}
  0x00007fdbca22f37c: 4a10 48bb | 60c2 24ac | db7f 0000 | ff83 5801 | 0000 c1e1 | 18c1 f918 | d3ff 89bc | 2490 0000 
  0x00007fdbca22f39c: 0081 ffff 

  0x00007fdbca22f3a0: ;   {metadata(method data for {method} {0x00007fdbac380c38} 'putUTF8' '(Ljava/lang/String;)Ljdk/internal/org/objectweb/asm/ByteVector;' in 'jdk/internal/org/objectweb/asm/ByteVector')}
  0x00007fdbca22f3a0: ff00 0048 | bb60 b258 | acdb 7f00 | 0048 b880 | 0100 0000 | 0000 000f | 8f0a 0000 | 0048 b870 
  0x00007fdbca22f3c0: 0100 0000 | 0000 0048 | 8b0c 0348 | 8d49 0148 | 890c 030f | 8f28 0600 | 008b 5e0c | 8b46 108b 
  0x00007fdbca22f3e0: 400c 488b | cb83 c102 | 03cf 3bc8 

  0x00007fdbca22f3ec: ;   {metadata(method data for {method} {0x00007fdbac380c38} 'putUTF8' '(Ljava/lang/String;)Ljdk/internal/org/objectweb/asm/ByteVector;' in 'jdk/internal/org/objectweb/asm/ByteVector')}
  0x00007fdbca22f3ec: 48b8 60b2 | 58ac db7f | 0000 48b9 | a001 0000 | 0000 0000 | 0f8e 0a00 | 0000 48b9 | b001 0000 
  0x00007fdbca22f40c: 0000 0000 | 4c8b 0408 | 4d8d 4001 | 4c89 0408 | 0f8e 4100 | 0000 899c | 2494 0000 | 0048 8bc6 
  0x00007fdbca22f42c: ;   {metadata(method data for {method} {0x00007fdbac380c38} 'putUTF8' '(Ljava/lang/String;)Ljdk/internal/org/objectweb/asm/ByteVector;' in 'jdk/internal/org/objectweb/asm/ByteVector')}
  0x00007fdbca22f42c: 48b9 60b2 | 58ac db7f | 0000 4883 | 81c0 0100 | 0001 488b | c783 c002 | 488b d048 | 8bc6 488b 
  0x00007fdbca22f44c: ;   {optimized virtual_call}
  0x00007fdbca22f44c: f066 90e8 

  0x00007fdbca22f450: ; ImmutableOopMap {[136]=Oop [152]=Oop }
                      ;*invokevirtual enlarge {reexecute=0 rethrow=0 return_oop=0}
                      ; - jdk.internal.org.objectweb.asm.ByteVector::putUTF8@43
  0x00007fdbca22f450: 2c8c 5507 | 8b9c 2494 | 0000 0048 | 8bb4 2488 | 0000 008b | 7e10 4889 | bc24 b000 | 0000 8b94 
  0x00007fdbca22f470: 2490 0000 | 00c1 ea08 

  0x00007fdbca22f478: ; implicit exception: dispatches to 0x00007fdbca22fb0b
  0x00007fdbca22f478: 3b5f 0c0f | 8394 0600 | 0048 63c3 | 8854 0710 | ffc3 488b | d3ff c28b | 8424 9000 | 0000 3b5f 
  0x00007fdbca22f498: 0c0f 8384 | 0600 0048 | 63db 8844 | 1f10 bb00 | 0000 000f | 1f44 0000 | 8994 24a4 | 0000 008b 
  0x00007fdbca22f4b8: bc24 9000 | 0000 488b | 9424 9800 | 0000 3bdf 

  0x00007fdbca22f4c8: ;   {metadata(method data for {method} {0x00007fdbac380c38} 'putUTF8' '(Ljava/lang/String;)Ljdk/internal/org/objectweb/asm/ByteVector;' in 'jdk/internal/org/objectweb/asm/ByteVector')}
  0x00007fdbca22f4c8: 49b8 60b2 | 58ac db7f | 0000 49b9 | f801 0000 | 0000 0000 | 0f8d 0a00 | 0000 49b9 | 0802 0000 
  0x00007fdbca22f4e8: 0000 0000 | 4f8b 1c08 | 4d8d 5b01 | 4f89 1c08 | 0f8d 8404 | 0000 4c8b 

  0x00007fdbca22f500: ;   {metadata(method data for {method} {0x00007fdbac380c38} 'putUTF8' '(Ljava/lang/String;)Ljdk/internal/org/objectweb/asm/ByteVector;' in 'jdk/internal/org/objectweb/asm/ByteVector')}
  0x00007fdbca22f500: c249 b960 | b258 acdb | 7f00 0049 | 8381 1802 

  0x00007fdbca22f510: ;   {metadata(method data for {method} {0x00007fdbac0081a0} 'charAt' '(I)C' in 'java/lang/String')}
  0x00007fdbca22f510: 0000 0149 | b8a0 822c | acdb 7f00 | 0045 8b88 | f400 0000 | 4183 c102 | 4589 88f4 | 0000 0041 
  0x00007fdbca22f530: 81e1 feff | 1f00 4183 | f900 0f84 | f105 0000 

  0x00007fdbca22f540: ;   {metadata(method data for {method} {0x00007fdbac0081a0} 'charAt' '(I)C' in 'java/lang/String')}
  0x00007fdbca22f540: 4c8b c249 | b9a0 822c | acdb 7f00 | 0049 8381 | 3801 0000 

  0x00007fdbca22f554: ;   {metadata(method data for {method} {0x00007fdbac00c6e0} 'isLatin1' '()Z' in 'java/lang/String')}
  0x00007fdbca22f554: 0149 b8a0 | 9123 acdb | 7f00 0045 | 8b88 f400 | 0000 4183 | c102 4589 | 88f4 0000 | 0041 81e1 
  0x00007fdbca22f574: feff 1f00 | 4183 f900 | 0f84 d005 

  0x00007fdbca22f580: ;   {metadata(method data for {method} {0x00007fdbac00c6e0} 'isLatin1' '()Z' in 'java/lang/String')}
  0x00007fdbca22f580: 0000 49b8 | a091 23ac | db7f 0000 | 41ff 8048 | 0100 0044 | 0fbe 4210 | 4183 f800 

  0x00007fdbca22f59c: ;   {metadata(method data for {method} {0x00007fdbac00c6e0} 'isLatin1' '()Z' in 'java/lang/String')}
  0x00007fdbca22f59c: 49b8 a091 | 23ac db7f | 0000 49b9 | 5801 0000 | 0000 0000 | 0f85 0a00 | 0000 49b9 | 6801 0000 
  0x00007fdbca22f5bc: 0000 0000 | 4f8b 1c08 | 4d8d 5b01 | 4f89 1c08 | 0f85 1c00 

  0x00007fdbca22f5d0: ;   {metadata(method data for {method} {0x00007fdbac00c6e0} 'isLatin1' '()Z' in 'java/lang/String')}
  0x00007fdbca22f5d0: 0000 49b8 | a091 23ac | db7f 0000 | 41ff 8078 | 0100 0041 | b801 0000 | 00e9 0600 | 0000 41b8 
  0x00007fdbca22f5f0: 0000 0000 | 4183 e001 | 4183 f800 

  0x00007fdbca22f5fc: ;   {metadata(method data for {method} {0x00007fdbac0081a0} 'charAt' '(I)C' in 'java/lang/String')}
  0x00007fdbca22f5fc: 49b8 a082 | 2cac db7f | 0000 49b9 | 7001 0000 | 0000 0000 | 0f84 0a00 | 0000 49b9 | 8001 0000 
  0x00007fdbca22f61c: 0000 0000 | 4f8b 1c08 | 4d8d 5b01 | 4f89 1c08 | 0f84 e500 | 0000 448b 

  0x00007fdbca22f634: ;   {metadata(method data for {method} {0x00007fdbac0081a0} 'charAt' '(I)C' in 'java/lang/String')}
  0x00007fdbca22f634: 4214 49b9 | a082 2cac | db7f 0000 | 4983 8190 | 0100 0001 

  0x00007fdbca22f648: ;   {metadata(method data for {method} {0x00007fdbac13f780} 'charAt' '([BI)C' in 'java/lang/StringLatin1')}
  0x00007fdbca22f648: 49b9 b891 | 2cac db7f | 0000 458b | 99f4 0000 | 0041 83c3 | 0245 8999 | f400 0000 | 4181 e3fe 
  0x00007fdbca22f668: ff1f 0041 | 83fb 000f | 84fe 0400 | 0083 fb00 

  0x00007fdbca22f678: ;   {metadata(method data for {method} {0x00007fdbac13f780} 'charAt' '([BI)C' in 'java/lang/StringLatin1')}
  0x00007fdbca22f678: 49b9 b891 | 2cac db7f | 0000 49bb | 3801 0000 | 0000 0000 | 0f8c 0a00 | 0000 49bb | 4801 0000 
  0x00007fdbca22f698: 0000 0000 | 4f8b 2c19 | 4d8d 6d01 | 4f89 2c19 | 0f8c ff02 | 0000 458b | 480c 413b 

  0x00007fdbca22f6b4: ;   {metadata(method data for {method} {0x00007fdbac13f780} 'charAt' '([BI)C' in 'java/lang/StringLatin1')}
  0x00007fdbca22f6b4: d949 bbb8 | 912c acdb | 7f00 0049 | bd68 0100 | 0000 0000 | 000f 8d0a | 0000 0049 | bd58 0100 
  0x00007fdbca22f6d4: 0000 0000 | 004f 8b34 | 2b4d 8d76 | 014f 8934 | 2b0f 8dc2 | 0200 0044 | 3bcb 0f86 | a504 0000 
  0x00007fdbca22f6f4: 4c63 cb47 | 0fbe 4408 | 1041 81e0 | ff00 0000 | 4181 e0ff | ff00 0041 | 81e0 ffff | 0000 e91c 
  0x00007fdbca22f714: 0100 0044 

  0x00007fdbca22f718: ;   {metadata(method data for {method} {0x00007fdbac0081a0} 'charAt' '(I)C' in 'java/lang/String')}
  0x00007fdbca22f718: 8b42 1449 | b9a0 822c | acdb 7f00 | 0049 8381 | a001 0000 

  0x00007fdbca22f72c: ;   {metadata(method data for {method} {0x00007fdbac3a75b0} 'charAt' '([BI)C' in 'java/lang/StringUTF16')}
  0x00007fdbca22f72c: 0149 b9a8 | 2756 acdb | 7f00 0045 | 8b99 f400 | 0000 4183 | c302 4589 | 99f4 0000 | 0041 81e3 
  0x00007fdbca22f74c: feff 1f00 | 4183 fb00 | 0f84 4d04 

  0x00007fdbca22f758: ;   {metadata(method data for {method} {0x00007fdbac3a75b0} 'charAt' '([BI)C' in 'java/lang/StringUTF16')}
  0x00007fdbca22f758: 0000 49b9 | a827 56ac | db7f 0000 | 4983 8138 | 0100 0001 

  0x00007fdbca22f76c: ;   {metadata(method data for {method} {0x00007fdbac3a7d08} 'checkIndex' '(I[B)V' in 'java/lang/StringUTF16')}
  0x00007fdbca22f76c: 49b9 302e | 56ac db7f | 0000 458b | 99f4 0000 | 0041 83c3 | 0245 8999 | f400 0000 | 4181 e3fe 
  0x00007fdbca22f78c: ff1f 0041 | 83fb 000f | 842f 0400 

  0x00007fdbca22f798: ;   {metadata(method data for {method} {0x00007fdbac3a7d08} 'checkIndex' '(I[B)V' in 'java/lang/StringUTF16')}
  0x00007fdbca22f798: 0049 b930 | 2e56 acdb | 7f00 0049 | 8381 3801 

  0x00007fdbca22f7a8: ;   {metadata(method data for {method} {0x00007fdbac3a38c8} 'length' '([B)I' in 'java/lang/StringUTF16')}
  0x00007fdbca22f7a8: 0000 0149 | b9d0 2f56 | acdb 7f00 | 0045 8b99 | f400 0000 | 4183 c302 | 4589 99f4 | 0000 0041 
  0x00007fdbca22f7c8: 81e3 feff | 1f00 4183 | fb00 0f84 | 1104 0000 

  0x00007fdbca22f7d8: ; implicit exception: dispatches to 0x00007fdbca22fc0a
  0x00007fdbca22f7d8: 458b 480c 

  0x00007fdbca22f7dc: ;   {metadata(method data for {method} {0x00007fdbac3a7d08} 'checkIndex' '(I[B)V' in 'java/lang/StringUTF16')}
  0x00007fdbca22f7dc: 49bb 302e | 56ac db7f | 0000 4983 | 8348 0100 | 0001 41d1 | f948 8bf3 | 498b d14c | 8984 24a8 
  0x00007fdbca22f7fc: 0000 0089 | 9c24 a000 

  0x00007fdbca22f804: ;   {static_call}
  0x00007fdbca22f804: 0000 90e8 

  0x00007fdbca22f808: ; ImmutableOopMap {[152]=Oop [136]=Oop [168]=Oop [176]=Oop }
                      ;*invokestatic checkIndex {reexecute=0 rethrow=0 return_oop=0}
                      ; - java.lang.StringUTF16::checkIndex@5
                      ; - java.lang.StringUTF16::charAt@2
                      ; - java.lang.String::charAt@21
                      ; - jdk.internal.org.objectweb.asm.ByteVector::putUTF8@85
  0x00007fdbca22f808: 748e 5507 | 8b9c 24a0 | 0000 0048 | 63d3 4c8b | 8424 a800 | 0000 410f | b754 5010 | 81e2 ffff 
  0x00007fdbca22f828: 0000 81e2 | ffff 0000 | 4c8b c241 

  0x00007fdbca22f834: ;   {metadata(method data for {method} {0x00007fdbac380c38} 'putUTF8' '(Ljava/lang/String;)Ljdk/internal/org/objectweb/asm/ByteVector;' in 'jdk/internal/org/objectweb/asm/ByteVector')}
  0x00007fdbca22f834: 83f8 0148 | ba60 b258 | acdb 7f00 | 0058 b950 | 0200 0000 | 0000 000f | 8c0a 0000 | 0048 b960 
  0x00007fdbca22f854: 0200 0000 | 0000 0048 | 8b34 0a48 | 8d76 0148 | 8934 0a0f | 8cc0 0000 | 0041 83f8 

  0x00007fdbca22f870: ;   {metadata(method data for {method} {0x00007fdbac380c38} 'putUTF8' '(Ljava/lang/String;)Ljdk/internal/org/objectweb/asm/ByteVector;' in 'jdk/internal/org/objectweb/asm/ByteVector')}
  0x00007fdbca22f870: 7f48 ba60 | b258 acdb | 7f00 0048 | b970 0200 | 0000 0000 | 000f 8f0a | 0000 0048 | b980 0200 
  0x00007fdbca22f890: 0000 0000 | 0048 8b34 | 0a48 8d76 | 0148 8934 | 0a0f 8f86 | 0000 008b | 9424 a400 | 0000 488b 
  0x00007fdbca22f8b0: bc24 b000 | 0000 488b | caff c13b | 570c 0f83 | 4b03 0000 | 4863 d244 | 8844 1710 

  0x00007fdbca22f8cc: ;   {metadata(method data for {method} {0x00007fdbac380c38} 'putUTF8' '(Ljava/lang/String;)Ljdk/internal/org/objectweb/asm/ByteVector;' in 'jdk/internal/org/objectweb/asm/ByteVector')}
  0x00007fdbca22f8cc: 48ba 60b2 | 58ac db7f | 0000 ff82 | 9002 0000 

  0x00007fdbca22f8dc: ;   {metadata(method data for {method} {0x00007fdbac380c38} 'putUTF8' '(Ljava/lang/String;)Ljdk/internal/org/objectweb/asm/ByteVector;' in 'jdk/internal/org/objectweb/asm/ByteVector')}
  0x00007fdbca22f8dc: ffc3 48ba | 60b2 58ac | db7f 0000 | 448b 82f8 | 0000 0041 | 83c4 0244 | 8982 f800 | 0000 4181 
  0x00007fdbca22f8fc: e0fe 3f00 | 0041 83f8 | 000f 8412 | 0300 004d | 8b97 5003 

  0x00007fdbca22f910: ; ImmutableOopMap {[152]=Oop [136]=Oop rdi=Oop [176]=Oop }
                      ;*goto {reexecute=1 rethrow=0 return_oop=0}
                      ; - (reexecute) jdk.internal.org.objectweb.asm.ByteVector::putUTF8@134
                      ;   {poll}
  0x00007fdbca22f910: 0000 4185 

  0x00007fdbca22f914: ;   {metadata(method data for {method} {0x00007fdbac380c38} 'putUTF8' '(Ljava/lang/String;)Ljdk/internal/org/objectweb/asm/ByteVector;' in 'jdk/internal/org/objectweb/asm/ByteVector')}
  0x00007fdbca22f914: 0248 ba60 | b258 acdb | 7f00 00ff | 82e4 0200 | 0048 8bd1 | e983 fbff | ff8b 9424 | a400 0000 
  0x00007fdbca22f934: 488b b424 | 8800 0000 | 8956 0c48 

  0x00007fdbca22f940: ;   {metadata(method data for {method} {0x00007fdbac380c38} 'putUTF8' '(Ljava/lang/String;)Ljdk/internal/org/objectweb/asm/ByteVector;' in 'jdk/internal/org/objectweb/asm/ByteVector')}
  0x00007fdbca22f940: 8bd6 48b9 | 60b2 58ac | db7f 0000 | 4883 81a8 | 0200 0001 | 488b 9424 | 9800 0000 | 488b cb41 
  0x00007fdbca22f960: b8ff ff00 

  0x00007fdbca22f964: ;   {optimized virtual_call}
  0x00007fdbca22f964: 0066 90e8 

  0x00007fdbca22f968: ; ImmutableOopMap {}
                      ;*invokevirtual encodeUtf8 {reexecute=0 rethrow=0 return_oop=0}
                      ; - jdk.internal.org.objectweb.asm.ByteVector::putUTF8@127
  0x00007fdbca22f968: 1487 5507 | 4881 c4d0 | 0000 005d 

  0x00007fdbca22f974: ;   {poll_return}
  0x00007fdbca22f974: 493b a748 | 0300 000f | 87bd 0200 | 00c3 8b94 | 24a4 0000 | 0048 8bb4 | 2488 0000 | 0089 560c 
  0x00007fdbca22f994: 488b c648 | 81c4 d000 

  0x00007fdbca22f99c: ;   {poll_return}
  0x00007fdbca22f99c: 0000 5d49 | 3ba7 4803 | 0000 0f87 | a802 0000 | c366 6690 

  0x00007fdbca22f9b0: ;   {no_reloc}
  0x00007fdbca22f9b0: e9c4 0200 | 0000 0000 | 0000 e9c4 | 0200 0048 

  0x00007fdbca22f9c0: ;   {metadata(method data for {method} {0x00007fdbac13f780} 'charAt' '([BI)C' in 'java/lang/StringLatin1')}
  0x00007fdbca22f9c0: 8bd0 49bb | b891 2cac | db7f 0000 | 4983 8378 | 0100 0001 | 488b d348 | 8bf0 899c | 24a0 0000 
  0x00007fdbca22f9e0: 0048 8984 | 24b8 0000 | 0066 0f1f 

  0x00007fdbca22f9ec: ;   {optimized virtual_call}
  0x00007fdbca22f9ec: 4400 00e8 

  0x00007fdbca22f9f0: ; ImmutableOopMap {[136]=Oop [184]=Oop [152]=Oop [176]=Oop }
                      ;*invokespecial <init> {reexecute=0 rethrow=0 return_oop=0}
                      ; - java.lang.StringLatin1::charAt@15
                      ; - java.lang.String::charAt@12
                      ; - jdk.internal.org.objectweb.asm.ByteVector::putUTF8@85
  0x00007fdbca22f9f0: 8c86 5507 | 488b 8424 | b800 0000 | e9d4 0200 | 000f 1f80 | 0000 0000 

  0x00007fdbca22fa08: ;   {no_reloc}
  0x00007fdbca22fa08: e992 0200 | 0000 0000 | 0000 498b | 8708 0100 | 0048 8d78 | 2849 3bbf | 1801 0000 | 0f87 7f02 
  0x00007fdbca22fa28: 0000 4989 | bf08 0100 | 0048 c700 | 0100 0000 | 488b ca48 | c1e9 0389 | 4808 4833 | c989 480c 
  0x00007fdbca22fa48: 4833 c948 | 8948 1048 | 8948 1848 | 8948 2048 

  0x00007fdbca22fa58: ;   {metadata(method data for {method} {0x00007fdbac380c38} 'putUTF8' '(Ljava/lang/String;)Ljdk/internal/org/objectweb/asm/ByteVector;' in 'jdk/internal/org/objectweb/asm/ByteVector')}
  0x00007fdbca22fa58: 8bd0 48be | 60b2 58ac | db7f 0000 | 4883 8690 | 0100 0001 

  0x00007fdbca22fa6c: ;   {oop("UTF8 string too large"{0x0000000084dad580})}
  0x00007fdbca22fa6c: 48ba 80d5 | da84 0000 | 0000 488b | f048 8984 | 24c0 0000 | 0066 0f1f 

  0x00007fdbca22fa84: ;   {optimized virtual_call}
  0x00007fdbca22fa84: 4400 00e8 

  0x00007fdbca22fa88: ; ImmutableOopMap {[192]=Oop }
                      ;*invokespecial <init> {reexecute=0 rethrow=0 return_oop=0}
                      ; - jdk.internal.org.objectweb.asm.ByteVector::putUTF8@17
  0x00007fdbca22fa88: f485 5507 | 488b 8424 | c000 0000 | e93c 0200 

  0x00007fdbca22fa98: ;   {metadata({method} {0x00007fdbac380c38} 'putUTF8' '(Ljava/lang/String;)Ljdk/internal/org/objectweb/asm/ByteVector;' in 'jdk/internal/org/objectweb/asm/ByteVector')}
  0x00007fdbca22fa98: 0049 ba38 | 0c38 acdb | 7f00 004c | 8954 2408 | 48c7 0424 | ffff ffff 

  0x00007fdbca22fab0: ;   {runtime_call counter_overflow Runtime1 stub}
  0x00007fdbca22fab0: e84b f05f 

  0x00007fdbca22fab4: ; ImmutableOopMap {rsi=Oop [136]=Oop rdx=Oop [152]=Oop }
                      ;*synchronization entry
                      ; - jdk.internal.org.objectweb.asm.ByteVector::putUTF8@-1
  0x00007fdbca22fab4: 07e9 2df8 

  0x00007fdbca22fab8: ;   {runtime_call throw_null_pointer_exception Runtime1 stub}
  0x00007fdbca22fab8: ffff e861 

  0x00007fdbca22fabc: ; ImmutableOopMap {rsi=Oop [136]=Oop rdx=Oop [152]=Oop }
                      ;*invokevirtual length {reexecute=0 rethrow=0 return_oop=0}
                      ; - jdk.internal.org.objectweb.asm.ByteVector::putUTF8@1
                      ;   {metadata({method} {0x00007fdbac008060} 'length' '()I' in 'java/lang/String')}
  0x00007fdbca22fabc: 935f 0749 | ba60 8000 | acdb 7f00 | 004c 8954 | 2408 48c7 | 0424 ffff 

  0x00007fdbca22fad4: ;   {runtime_call counter_overflow Runtime1 stub}
  0x00007fdbca22fad4: ffff e825 

  0x00007fdbca22fad8: ; ImmutableOopMap {rsi=Oop [136]=Oop rdx=Oop [152]=Oop }
                      ;*synchronization entry
                      ; - java.lang.String::length@-1
                      ; - jdk.internal.org.objectweb.asm.ByteVector::putUTF8@1
  0x00007fdbca22fad8: f05f 07e9 | 47f8 ffff 

  0x00007fdbca22fae0: ;   {runtime_call throw_null_pointer_exception Runtime1 stub}
  0x00007fdbca22fae0: e83b 935f 

  0x00007fdbca22fae4: ; ImmutableOopMap {rsi=Oop [136]=Oop rdx=Oop [152]=Oop }
                      ;*arraylength {reexecute=0 rethrow=0 return_oop=0}
                      ; - java.lang.String::length@4
                      ; - jdk.internal.org.objectweb.asm.ByteVector::putUTF8@1
                      ;   {metadata({method} {0x00007fdbac00c5b0} 'coder' '()B' in 'java/lang/String')}
  0x00007fdbca22fae4: 0749 bab0 | c500 acdb | 7f00 004c | 8954 2408 | 48c7 0424 | ffff ffff 

  0x00007fdbca22fafc: ;   {runtime_call counter_overflow Runtime1 stub}
  0x00007fdbca22fafc: e8ff ef5f 

  0x00007fdbca22fb00: ; ImmutableOopMap {rsi=Oop [136]=Oop rdx=Oop [152]=Oop }
                      ;*synchronization entry
                      ; - java.lang.String::coder@-1
                      ; - java.lang.String::length@6
                      ; - jdk.internal.org.objectweb.asm.ByteVector::putUTF8@1
  0x00007fdbca22fb00: 07e9 64f8 

  0x00007fdbca22fb04: ;   {runtime_call throw_null_pointer_exception Runtime1 stub}
  0x00007fdbca22fb04: ffff e815 

  0x00007fdbca22fb08: ; ImmutableOopMap {rsi=Oop [136]=Oop rdx=Oop [152]=Oop }
                      ;*arraylength {reexecute=0 rethrow=0 return_oop=0}
                      ; - jdk.internal.org.objectweb.asm.ByteVector::putUTF8@35
                      ;   {runtime_call throw_null_pointer_exception Runtime1 stub}
  0x00007fdbca22fb08: 935f 07e8 

  0x00007fdbca22fb0c: ; ImmutableOopMap {[152]=Oop rsi=Oop [136]=Oop rdi=Oop [176]=Oop }
                      ;*bastore {reexecute=0 rethrow=0 return_oop=0}
                      ; - jdk.internal.org.objectweb.asm.ByteVector::putUTF8@63
  0x00007fdbca22fb0c: 1093 5f07 

  0x00007fdbca22fb10: ;   {runtime_call throw_null_pointer_exception Runtime1 stub}
  0x00007fdbca22fb10: e80b 935f 

  0x00007fdbca22fb14: ; ImmutableOopMap {[152]=Oop rsi=Oop [136]=Oop rdi=Oop [176]=Oop }
                      ;*bastore {reexecute=0 rethrow=0 return_oop=0}
                      ; - jdk.internal.org.objectweb.asm.ByteVector::putUTF8@63
  0x00007fdbca22fb14: 0748 891c | 2448 897c 

  0x00007fdbca22fb1c: ;   {runtime_call throw_range_check_failed Runtime1 stub}
  0x00007fdbca22fb1c: 2408 e87d 

  0x00007fdbca22fb20: ; ImmutableOopMap {[152]=Oop rsi=Oop [136]=Oop rdi=Oop [176]=Oop }
                      ;*bastore {reexecute=0 rethrow=0 return_oop=0}
                      ; - jdk.internal.org.objectweb.asm.ByteVector::putUTF8@63
  0x00007fdbca22fb20: b356 0748 | 891c 2448 | 897c 2408 

  0x00007fdbca22fb2c: ;   {runtime_call throw_range_check_failed Runtime1 stub}
  0x00007fdbca22fb2c: e86f b356 

  0x00007fdbca22fb30: ; ImmutableOopMap {[152]=Oop rsi=Oop [136]=Oop rdi=Oop [176]=Oop }
                      ;*bastore {reexecute=0 rethrow=0 return_oop=0}
                      ; - jdk.internal.org.objectweb.asm.ByteVector::putUTF8@72
                      ;   {metadata({method} {0x00007fdbac0081a0} 'charAt' '(I)C' in 'java/lang/String')}
  0x00007fdbca22fb30: 0749 baa0 | 8100 acdb | 7f00 004c | 8954 2408 | 48c7 0424 | ffff ffff 

  0x00007fdbca22fb48: ;   {runtime_call counter_overflow Runtime1 stub}
  0x00007fdbca22fb48: e8b3 ef5f 

  0x00007fdbca22fb4c: ; ImmutableOopMap {[176]=Oop [136]=Oop rdx=Oop [152]=Oop }
                      ;*synchronization entry
                      ; - java.lang.String::charAt@-1
                      ; - jdk.internal.org.objectweb.asm.ByteVector::putUTF8@85
  0x00007fdbca22fb4c: 07e9 eef9 

  0x00007fdbca22fb50: ;   {metadata({method} {0x00007fdbac00c6e0} 'isLatin1' '()Z' in 'java/lang/String')}
  0x00007fdbca22fb50: ffff 49ba | e0c6 00ac | db7f 0000 | 4c89 5424 | 0848 c704 | 24ff ffff 

  0x00007fdbca22fb68: ;   {runtime_call counter_overflow Runtime1 stub}
  0x00007fdbca22fb68: ffe8 92ef 

  0x00007fdbca22fb6c: ; ImmutableOopMap {[176]=Oop [136]=Oop rdx=Oop [152]=Oop }
                      ;*synchronization entry
                      ; - java.lang.String::isLatin1@-1
                      ; - java.lang.String::charAt@1
                      ; - jdk.internal.org.objectweb.asm.ByteVector::putUTF8@85
  0x00007fdbca22fb6c: 5f07 e90f 

  0x00007fdbca22fb70: ;   {metadata({method} {0x00007fdbac13f780} 'charAt' '([BI)C' in 'java/lang/StringLatin1')}
  0x00007fdbca22fb70: faff ff49 | ba80 f713 | acdb 7f00 | 004c 8954 | 2408 48c7 | 0424 ffff 

  0x00007fdbca22fb88: ;   {runtime_call counter_overflow Runtime1 stub}
  0x00007fdbca22fb88: ffff e871 

  0x00007fdbca22fb8c: ; ImmutableOopMap {[176]=Oop [136]=Oop rdx=Oop [152]=Oop r8=Oop }
                      ;*synchronization entry
                      ; - java.lang.StringLatin1::charAt@-1
                      ; - java.lang.String::charAt@12
                      ; - jdk.internal.org.objectweb.asm.ByteVector::putUTF8@85
  0x00007fdbca22fb8c: ef5f 07e9 | e1fa ffff 

  0x00007fdbca22fb94: ;   {runtime_call throw_null_pointer_exception Runtime1 stub}
  0x00007fdbca22fb94: e887 925f 

  0x00007fdbca22fb98: ; ImmutableOopMap {[176]=Oop [136]=Oop rdx=Oop [152]=Oop r8=Oop }
                      ;*arraylength {reexecute=0 rethrow=0 return_oop=0}
                      ; - java.lang.StringLatin1::charAt@6
                      ; - java.lang.String::charAt@12
                      ; - jdk.internal.org.objectweb.asm.ByteVector::putUTF8@85
  0x00007fdbca22fb98: 0748 891c | 244c 8944 

  0x00007fdbca22fba0: ;   {runtime_call throw_range_check_failed Runtime1 stub}
  0x00007fdbca22fba0: 2408 e8f9 

  0x00007fdbca22fba4: ; ImmutableOopMap {[176]=Oop [136]=Oop rdx=Oop [152]=Oop r8=Oop }
                      ;*baload {reexecute=0 rethrow=0 return_oop=0}
                      ; - java.lang.StringLatin1::charAt@21
                      ; - java.lang.String::charAt@12
                      ; - jdk.internal.org.objectweb.asm.ByteVector::putUTF8@85
                      ;   {metadata({method} {0x00007fdbac3a75b0} 'charAt' '([BI)C' in 'java/lang/StringUTF16')}
  0x00007fdbca22fba4: b256 0749 | bab0 753a | acdb 7f00 | 004c 8954 | 2408 48c7 | 0424 ffff 

  0x00007fdbca22fbbc: ;   {runtime_call counter_overflow Runtime1 stub}
  0x00007fdbca22fbbc: ffff e83d 

  0x00007fdbca22fbc0: ; ImmutableOopMap {rdx=Oop [152]=Oop [136]=Oop [176]=Oop r8=Oop }
                      ;*synchronization entry
                      ; - java.lang.StringUTF16::charAt@-1
                      ; - java.lang.String::charAt@21
                      ; - jdk.internal.org.objectweb.asm.ByteVector::putUTF8@85
  0x00007fdbca22fbc0: ef5f 07e9 | 92fb ffff 

  0x00007fdbca22fbc8: ;   {metadata({method} {0x00007fdbac3a7d08} 'checkIndex' '(I[B)V' in 'java/lang/StringUTF16')}
  0x00007fdbca22fbc8: 49ba 087d | 3aac db7f | 0000 4c89 | 5424 0848 | c704 24ff 

  0x00007fdbca22fbdc: ;   {runtime_call counter_overflow Runtime1 stub}
  0x00007fdbca22fbdc: ffff ffe8 

  0x00007fdbca22fbe0: ; ImmutableOopMap {rdx=Oop [152]=Oop [136]=Oop [176]=Oop r8=Oop }
                      ;*synchronization entry
                      ; - java.lang.StringUTF16::checkIndex@-1
                      ; - java.lang.StringUTF16::charAt@2
                      ; - java.lang.String::charAt@21
                      ; - jdk.internal.org.objectweb.asm.ByteVector::putUTF8@85
  0x00007fdbca22fbe0: 1cef 5f07 | e9b0 fbff 

  0x00007fdbca22fbe8: ;   {metadata({method} {0x00007fdbac3a38c8} 'length' '([B)I' in 'java/lang/StringUTF16')}
  0x00007fdbca22fbe8: ff49 bac8 | 383a acdb | 7f00 004c | 8954 2408 | 48c7 0424 | ffff ffff 

  0x00007fdbca22fc00: ;   {runtime_call counter_overflow Runtime1 stub}
  0x00007fdbca22fc00: e8fb ee5f 

  0x00007fdbca22fc04: ; ImmutableOopMap {rdx=Oop [152]=Oop [136]=Oop [176]=Oop r8=Oop }
                      ;*synchronization entry
                      ; - java.lang.StringUTF16::length@-1
                      ; - java.lang.StringUTF16::checkIndex@2
                      ; - java.lang.StringUTF16::charAt@2
                      ; - java.lang.String::charAt@21
                      ; - jdk.internal.org.objectweb.asm.ByteVector::putUTF8@85
  0x00007fdbca22fc04: 07e9 cefb 

  0x00007fdbca22fc08: ;   {runtime_call throw_null_pointer_exception Runtime1 stub}
  0x00007fdbca22fc08: ffff e811 

  0x00007fdbca22fc0c: ; ImmutableOopMap {rdx=Oop [152]=Oop [136]=Oop [176]=Oop r8=Oop }
                      ;*arraylength {reexecute=0 rethrow=0 return_oop=0}
                      ; - java.lang.StringUTF16::length@1
                      ; - java.lang.StringUTF16::checkIndex@2
                      ; - java.lang.StringUTF16::charAt@2
                      ; - java.lang.String::charAt@21
                      ; - jdk.internal.org.objectweb.asm.ByteVector::putUTF8@85
  0x00007fdbca22fc0c: 925f 0748 | 8914 2448 | 897c 2408 

  0x00007fdbca22fc18: ;   {runtime_call throw_range_check_failed Runtime1 stub}
  0x00007fdbca22fc18: e883 b256 

  0x00007fdbca22fc1c: ; ImmutableOopMap {[152]=Oop [136]=Oop rdi=Oop [176]=Oop }
                      ;*bastore {reexecute=0 rethrow=0 return_oop=0}
                      ; - jdk.internal.org.objectweb.asm.ByteVector::putUTF8@112
                      ;   {metadata({method} {0x00007fdbac380c38} 'putUTF8' '(Ljava/lang/String;)Ljdk/internal/org/objectweb/asm/ByteVector;' in 'jdk/internal/org/objectweb/asm/ByteVector')}
  0x00007fdbca22fc1c: 0749 ba38 | 0c38 acdb | 7f00 004c | 8954 2408 | 48c7 0424 | 8600 0000 

  0x00007fdbca22fc34: ;   {runtime_call counter_overflow Runtime1 stub}
  0x00007fdbca22fc34: e8c7 ee5f 

  0x00007fdbca22fc38: ; ImmutableOopMap {[152]=Oop [136]=Oop rdi=Oop [176]=Oop }
                      ;*goto {reexecute=1 rethrow=0 return_oop=0}
                      ; - (reexecute) jdk.internal.org.objectweb.asm.ByteVector::putUTF8@134
  0x00007fdbca22fc38: 07e9 cdfc 

  0x00007fdbca22fc3c: ;   {internal_word}
  0x00007fdbca22fc3c: ffff 49ba | 74f9 22ca | db7f 0000 | 4d89 9760 

  0x00007fdbca22fc4c: ;   {runtime_call SafepointBlob}
  0x00007fdbca22fc4c: 0300 00e9 | 2ce6 5507 

  0x00007fdbca22fc54: ;   {internal_word}
  0x00007fdbca22fc54: 49ba 9ff9 | 22ca db7f | 0000 4d89 | 9760 0300 

  0x00007fdbca22fc64: ;   {runtime_call SafepointBlob}
  0x00007fdbca22fc64: 00e9 16e6 

  0x00007fdbca22fc68: ;   {metadata(NULL)}
  0x00007fdbca22fc68: 5507 48ba | 0000 0000 | 0000 0000 | b800 0f05 

  0x00007fdbca22fc78: ;   {runtime_call load_klass_patching Runtime1 stub}
  0x00007fdbca22fc78: 0ae8 02de 

  0x00007fdbca22fc7c: ; ImmutableOopMap {[136]=Oop [176]=Oop [152]=Oop }
                      ;*new {reexecute=1 rethrow=0 return_oop=0}
                      ; - (reexecute) java.lang.StringLatin1::charAt@10
                      ; - java.lang.String::charAt@12
                      ; - jdk.internal.org.objectweb.asm.ByteVector::putUTF8@85
  0x00007fdbca22fc7c: 5f07 e92d | fdff ff48 

  0x00007fdbca22fc84: ;   {runtime_call new_instance Runtime1 stub}
  0x00007fdbca22fc84: 8bd2 e875 

  0x00007fdbca22fc88: ; ImmutableOopMap {[136]=Oop [176]=Oop [152]=Oop }
                      ;*new {reexecute=0 rethrow=0 return_oop=0}
                      ; - java.lang.StringLatin1::charAt@10
                      ; - java.lang.String::charAt@12
                      ; - jdk.internal.org.objectweb.asm.ByteVector::putUTF8@85
  0x00007fdbca22fc88: 975f 07e9 | 2ffd ffff 

  0x00007fdbca22fc90: ;   {metadata(NULL)}
  0x00007fdbca22fc90: 48ba 0000 | 0000 0000 | 0000 b800 

  0x00007fdbca22fc9c: ;   {runtime_call load_klass_patching Runtime1 stub}
  0x00007fdbca22fc9c: 0f05 0ae8 

  0x00007fdbca22fca0: ; ImmutableOopMap {}
                      ;*new {reexecute=1 rethrow=0 return_oop=0}
                      ; - (reexecute) jdk.internal.org.objectweb.asm.ByteVector::putUTF8@11
  0x00007fdbca22fca0: dcdd 5f07 | e95f fdff | ff48 8bd2 

  0x00007fdbca22fcac: ;   {runtime_call fast_new_instance Runtime1 stub}
  0x00007fdbca22fcac: e84f 9a5f 

  0x00007fdbca22fcb0: ; ImmutableOopMap {}
                      ;*new {reexecute=0 rethrow=0 return_oop=0}
                      ; - jdk.internal.org.objectweb.asm.ByteVector::putUTF8@11
  0x00007fdbca22fcb0: 07e9 a1fd | ffff 9090 | 498b 87d8 | 0300 0049 | c787 d803 | 0000 0000 | 0000 49c7 | 87e0 0300 
  0x00007fdbca22fcd0: 0000 0000 | 0048 81c4 | d000 0000 

  0x00007fdbca22fcdc: ;   {runtime_call unwind_exception Runtime1 stub}
  0x00007fdbca22fcdc: 5de9 1e8b | 5f07 f4f4 | f4f4 f4f4 | f4f4 f4f4 | f4f4 f4f4 | f4f4 f4f4 | f4f4 f4f4 | f4f4 f4f4 
  0x00007fdbca22fcfc: f4f4 f4f4 
[Stub Code]
  0x00007fdbca22fd00: ;   {no_reloc}
  0x00007fdbca22fd00: 0f1f 4400 

  0x00007fdbca22fd04: ;   {static_stub}
  0x00007fdbca22fd04: 0048 bb00 | 0000 0000 

  0x00007fdbca22fd0c: ;   {runtime_call}
  0x00007fdbca22fd0c: 0000 00e9 | fbff ffff 

  0x00007fdbca22fd14: ;   {static_stub}
  0x00007fdbca22fd14: 9048 bb00 | 0000 0000 

  0x00007fdbca22fd1c: ;   {runtime_call}
  0x00007fdbca22fd1c: 0000 00e9 | fbff ffff 

  0x00007fdbca22fd24: ;   {static_stub}
  0x00007fdbca22fd24: 9048 bb00 | 0000 0000 

  0x00007fdbca22fd2c: ;   {runtime_call}
  0x00007fdbca22fd2c: 0000 00e9 | fbff ffff 

  0x00007fdbca22fd34: ;   {static_stub}
  0x00007fdbca22fd34: 9048 bb00 | 0000 0000 

  0x00007fdbca22fd3c: ;   {runtime_call}
  0x00007fdbca22fd3c: 0000 00e9 | fbff ffff 

  0x00007fdbca22fd44: ;   {static_stub}
  0x00007fdbca22fd44: 9048 bb00 | 0000 0000 

  0x00007fdbca22fd4c: ;   {runtime_call}
  0x00007fdbca22fd4c: 0000 00e9 | fbff ffff 
[Exception Handler]
  0x00007fdbca22fd54: ;   {runtime_call handle_exception_from_callee Runtime1 stub}
  0x00007fdbca22fd54: e8a7 ae5f 

  0x00007fdbca22fd58: ;   {external_word}
  0x00007fdbca22fd58: 0748 bf52 | c798 e3db | 7f00 0048 

  0x00007fdbca22fd64: ;   {runtime_call MacroAssembler::debug64(char*, long, long*)}
  0x00007fdbca22fd64: 83e4 f0e8 | 9479 2d19 

  0x00007fdbca22fd6c: ;   {section_word}
  0x00007fdbca22fd6c: f449 ba6d | fd22 cadb | 7f00 0041 

  0x00007fdbca22fd78: ;   {runtime_call DeoptimizationBlob}
  0x00007fdbca22fd78: 52e9 22dc | 5507 f4f4 
[/MachCode]


---------------  P R O C E S S  ---------------

Threads class SMR info:
_java_thread_list=0x00007fdbdc20c530, length=11, elements={
0x00007fdbdc025b50, 0x00007fdbdc131390, 0x00007fdbdc132940, 0x00007fdbdc15bdd0,
0x00007fdbdc15f6e0, 0x00007fdbdc1606b0, 0x00007fdbdc161d40, 0x00007fdbdc163230,
0x00007fdbdc1646d0, 0x00007fdbdc1e0350, 0x00007fdbdc20b5a0
}

Java Threads: ( => current thread )
=>0x00007fdbdc025b50 JavaThread "main" [_thread_in_Java, id=7777, stack(0x00007fdbe281e000,0x00007fdbe291e000)]
  0x00007fdbdc131390 JavaThread "Reference Handler" daemon [_thread_blocked, id=7784, stack(0x00007fdbe09f5000,0x00007fdbe0af5000)]
  0x00007fdbdc132940 JavaThread "Finalizer" daemon [_thread_blocked, id=7785, stack(0x00007fdbe08f5000,0x00007fdbe09f5000)]
  0x00007fdbdc15bdd0 JavaThread "Signal Dispatcher" daemon [_thread_blocked, id=7786, stack(0x00007fdbe04de000,0x00007fdbe05de000)]
  0x00007fdbdc15f6e0 JavaThread "Service Thread" daemon [_thread_blocked, id=7787, stack(0x00007fdbe03de000,0x00007fdbe04de000)]
  0x00007fdbdc1606b0 JavaThread "Monitor Deflation Thread" daemon [_thread_blocked, id=7788, stack(0x00007fdbe02de000,0x00007fdbe03de000)]
  0x00007fdbdc161d40 JavaThread "C2 CompilerThread0" daemon [_thread_blocked, id=7789, stack(0x00007fdbe01de000,0x00007fdbe02de000)]
  0x00007fdbdc163230 JavaThread "C1 CompilerThread0" daemon [_thread_blocked, id=7790, stack(0x00007fdbe00de000,0x00007fdbe01de000)]
  0x00007fdbdc1646d0 JavaThread "Sweeper thread" daemon [_thread_blocked, id=7791, stack(0x00007fdbdbf00000,0x00007fdbdc000000)]
  0x00007fdbdc1e0350 JavaThread "Notification Thread" daemon [_thread_blocked, id=7792, stack(0x00007fdbc4330000,0x00007fdbc4430000)]
  0x00007fdbdc20b5a0 JavaThread "Common-Cleaner" daemon [_thread_blocked, id=7794, stack(0x00007fdbc412f000,0x00007fdbc422f000)]

Other Threads:
  0x00007fdbdc0dd670 VMThread "VM Thread" [stack: 0x00007fdbe0af6000,0x00007fdbe0bf6000] [id=7783]
  0x00007fdbdc1e1a20 WatcherThread [stack: 0x00007fdbc4230000,0x00007fdbc4330000] [id=7793]
  0x00007fdbdc080020 GCTaskThread "GC Thread#0" [stack: 0x00007fdbe153b000,0x00007fdbe163b000] [id=7778]
  0x00007fdbdc090d50 ConcurrentGCThread "G1 Main Marker" [stack: 0x00007fdbe143a000,0x00007fdbe153a000] [id=7779]
  0x00007fdbdc091cc0 ConcurrentGCThread "G1 Conc#0" [stack: 0x00007fdbe1339000,0x00007fdbe1439000] [id=7780]
  0x00007fdbdc0a9340 ConcurrentGCThread "G1 Refine#0" [stack: 0x00007fdbe0e34000,0x00007fdbe0f34000] [id=7781]
  0x00007fdbdc0aa240 ConcurrentGCThread "G1 Service" [stack: 0x00007fdbe0d33000,0x00007fdbe0e33000] [id=7782]

Threads with active compile tasks:

VM state: not at safepoint (normal execution)

VM Mutex/Monitor currently owned by a thread: None

Heap address: 0x0000000084600000, size: 1978 MB, Compressed Oops mode: 32-bit

CDS archive(s) not mapped
Compressed class space mapped at: 0x0000000100000000-0x0000000140000000, reserved size: 1073741824
Narrow klass base: 0x0000000000000000, Narrow klass shift: 3, Narrow klass range: 0x140000000

GC Precious Log:
 CPUs: 8 total, 4 available
 Memory: 7908M
 Large Page Support: Disabled
 NUMA Support: Disabled
 Compressed Oops: Enabled (32-bit)
 Heap Region Size: 1M
 Heap Min Capacity: 8M
 Heap Initial Capacity: 8M
 Heap Max Capacity: 1978M
 Pre-touch: Disabled
 Parallel Workers: 4
 Concurrent Workers: 1
 Concurrent Refinement Workers: 4
 Periodic GC: Disabled

Heap:
 garbage-first heap   total 8192K, used 1024K [0x0000000084600000, 0x0000000100000000)
  region size 1024K, 2 young (2048K), 0 survivors (0K)
 Metaspace       used 5288K, committed 5440K, reserved 1114112K
  class space    used 504K, committed 576K, reserved 1048576K

Heap Regions: E=young(eden), S=young(survivor), O=old, HS=humongous(starts), HC=humongous(continues), CS=collection set, F=free, OA=open archive, CA=closed archive, TAMS=top-at-mark-start (previous, next)
|   0|0x0000000084600000, 0x0000000084600000, 0x0000000084700000|  0%| F|  |TAMS 0x0000000084600000, 0x0000000084600000| Untracked 
|   1|0x0000000084700000, 0x0000000084700000, 0x0000000084800000|  0%| F|  |TAMS 0x0000000084700000, 0x0000000084700000| Untracked 
|   2|0x0000000084800000, 0x0000000084800000, 0x0000000084900000|  0%| F|  |TAMS 0x0000000084800000, 0x0000000084800000| Untracked 
|   3|0x0000000084900000, 0x0000000084900000, 0x0000000084a00000|  0%| F|  |TAMS 0x0000000084900000, 0x0000000084900000| Untracked 
|   4|0x0000000084a00000, 0x0000000084a00000, 0x0000000084b00000|  0%| F|  |TAMS 0x0000000084a00000, 0x0000000084a00000| Untracked 
|   5|0x0000000084b00000, 0x0000000084b00000, 0x0000000084c00000|  0%| F|  |TAMS 0x0000000084b00000, 0x0000000084b00000| Untracked 
|   6|0x0000000084c00000, 0x0000000084c8eba8, 0x0000000084d00000| 55%| E|  |TAMS 0x0000000084c00000, 0x0000000084c00000| Complete 
|   7|0x0000000084d00000, 0x0000000084e00000, 0x0000000084e00000|100%| E|CS|TAMS 0x0000000084d00000, 0x0000000084d00000| Complete 

Card table byte_map: [0x00007fdbe1a5a000,0x00007fdbe1e37000] _byte_map_base: 0x00007fdbe1637000

Marking Bits (Prev, Next): (CMBitMap*) 0x00007fdbdc080ab0, (CMBitMap*) 0x00007fdbdc080af0
 Prev Bits: [0x00007fdbc8318000, 0x00007fdbca200000)
 Next Bits: [0x00007fdbc6430000, 0x00007fdbc8318000)

Polling page: 0x00007fdbe3faa000

Metaspace:

Usage:
  Non-class:      4,67 MB used.
      Class:    504,33 KB used.
       Both:      5,16 MB used.

Virtual space:
  Non-class space:       64,00 MB reserved,       4,75 MB (  7%) committed,  1 nodes.
      Class space:        1,00 GB reserved,     576,00 KB ( <1%) committed,  1 nodes.
             Both:        1,06 GB reserved,       5,31 MB ( <1%) committed. 

Chunk freelists:
   Non-Class:  10,89 MB
       Class:  15,25 MB
        Both:  26,14 MB

MaxMetaspaceSize: unlimited
CompressedClassSpaceSize: 1,00 GB
Initial GC threshold: 21,00 MB
Current GC threshold: 21,00 MB
CDS: off
MetaspaceReclaimPolicy: balanced
 - commit_granule_bytes: 65536.
 - commit_granule_words: 8192.
 - virtual_space_node_default_size: 8388608.
 - enlarge_chunks_in_place: 1.
 - new_chunks_are_fully_committed: 0.
 - uncommit_free_chunks: 1.
 - use_allocation_guard: 0.
 - handle_deallocations: 1.


Internal statistics:

num_allocs_failed_limit: 0.
num_arena_births: 10.
num_arena_deaths: 0.
num_vsnodes_births: 2.
num_vsnodes_deaths: 0.
num_space_committed: 85.
num_space_uncommitted: 0.
num_chunks_returned_to_freelist: 0.
num_chunks_taken_from_freelist: 31.
num_chunk_merges: 0.
num_chunk_splits: 14.
num_chunks_enlarged: 6.
num_inconsistent_stats: 0.

CodeHeap 'non-profiled nmethods': size=120032Kb used=48Kb max_used=48Kb free=119983Kb
 bounds [0x00007fdbd1cc8000, 0x00007fdbd1f38000, 0x00007fdbd9200000]
CodeHeap 'profiled nmethods': size=120028Kb used=208Kb max_used=208Kb free=119819Kb
 bounds [0x00007fdbca200000, 0x00007fdbca470000, 0x00007fdbd1737000]
CodeHeap 'non-nmethods': size=5700Kb used=1087Kb max_used=1101Kb free=4612Kb
 bounds [0x00007fdbd1737000, 0x00007fdbd19a7000, 0x00007fdbd1cc8000]
 total_blobs=542 nmethods=178 adapters=279
 compilation: enabled
              stopped_count=0, restarted_count=0
 full_count=0

Compilation events (20 events):
Event: 0,200 Thread 0x00007fdbdc163230 nmethod 158 0x00007fdbca22d510 code [0x00007fdbca22d700, 0x00007fdbca22dbf0]
Event: 0,200 Thread 0x00007fdbdc163230  159       3       java.lang.AbstractStringBuilder::isLatin1 (19 bytes)
Event: 0,200 Thread 0x00007fdbdc163230 nmethod 159 0x00007fdbca22de10 code [0x00007fdbca22dfa0, 0x00007fdbca22e110]
Event: 0,201 Thread 0x00007fdbdc163230  160       3       java.lang.Math::max (11 bytes)
Event: 0,201 Thread 0x00007fdbdc163230 nmethod 160 0x00007fdbca22e190 code [0x00007fdbca22e320, 0x00007fdbca22e450]
Event: 0,201 Thread 0x00007fdbdc163230  161       3       jdk.internal.org.objectweb.asm.SymbolTable::get (13 bytes)
Event: 0,201 Thread 0x00007fdbdc163230 nmethod 161 0x00007fdbca22e510 code [0x00007fdbca22e6a0, 0x00007fdbca22e7f0]
Event: 0,204 Thread 0x00007fdbdc163230  165       1       java.lang.invoke.MethodType::ptypes (5 bytes)
Event: 0,204 Thread 0x00007fdbdc163230 nmethod 165 0x00007fdbd1cd2c90 code [0x00007fdbd1cd2e20, 0x00007fdbd1cd2ef0]
Event: 0,204 Thread 0x00007fdbdc163230  166       1       java.lang.invoke.MethodType::form (5 bytes)
Event: 0,204 Thread 0x00007fdbdc163230 nmethod 166 0x00007fdbd1cd2f90 code [0x00007fdbd1cd3120, 0x00007fdbd1cd31f0]
Event: 0,204 Thread 0x00007fdbdc163230  168       3       java.lang.invoke.MethodType::parameterType (7 bytes)
Event: 0,204 Thread 0x00007fdbdc163230 nmethod 168 0x00007fdbca22e910 code [0x00007fdbca22eaa0, 0x00007fdbca22ebd0]
Event: 0,204 Thread 0x00007fdbdc163230  169       3       jdk.internal.org.objectweb.asm.SymbolTable::hash (10 bytes)
Event: 0,204 Thread 0x00007fdbdc163230 nmethod 169 0x00007fdbca22ec90 code [0x00007fdbca22ee40, 0x00007fdbca22ef60]
Event: 0,204 Thread 0x00007fdbdc163230  170       3       jdk.internal.org.objectweb.asm.ByteVector::putUTF8 (144 bytes)
Event: 0,205 Thread 0x00007fdbdc163230 nmethod 170 0x00007fdbca22f010 code [0x00007fdbca22f280, 0x00007fdbca22fd80]
Event: 0,205 Thread 0x00007fdbdc163230  171       3       java.lang.invoke.MethodType::checkSlotCount (33 bytes)
Event: 0,206 Thread 0x00007fdbdc163230 nmethod 171 0x00007fdbca230290 code [0x00007fdbca2304c0, 0x00007fdbca230b30]
Event: 0,206 Thread 0x00007fdbdc163230  175       3       jdk.internal.jimage.ImageStringsReader::stringFromByteBufferMatches (138 bytes)

GC Heap History (0 events):
No events

Dll operation events (4 events):
Event: 0,004 Loaded shared library /home/cjcleverson/.vscode/extensions/redhat.java-1.29.0-linux-x64/jre/17.0.10-linux-x86_64/lib/libjava.so
Event: 0,131 Loaded shared library /home/cjcleverson/.vscode/extensions/redhat.java-1.29.0-linux-x64/jre/17.0.10-linux-x86_64/lib/libnio.so
Event: 0,133 Loaded shared library /home/cjcleverson/.vscode/extensions/redhat.java-1.29.0-linux-x64/jre/17.0.10-linux-x86_64/lib/libjimage.so
Event: 0,156 Loaded shared library /home/cjcleverson/.vscode/extensions/redhat.java-1.29.0-linux-x64/jre/17.0.10-linux-x86_64/lib/libzip.so

Deoptimization events (4 events):
Event: 0,158 Thread 0x00007fdbdc025b50 Uncommon trap: trap_request=0xffffff45 fr.pc=0x00007fdbd1ccbe4c relative=0x00000000000001ac
Event: 0,158 Thread 0x00007fdbdc025b50 Uncommon trap: reason=unstable_if action=reinterpret pc=0x00007fdbd1ccbe4c method=java.lang.String.hashCode()I @ 42 c2
Event: 0,158 Thread 0x00007fdbdc025b50 DEOPT PACKING pc=0x00007fdbd1ccbe4c sp=0x00007fdbe291bb40
Event: 0,158 Thread 0x00007fdbdc025b50 DEOPT UNPACKING pc=0x00007fdbd178d699 sp=0x00007fdbe291baf8 mode 2

Classes unloaded (0 events):
No events

Classes redefined (0 events):
No events

Internal exceptions (0 events):
No events

VM Operations (2 events):
Event: 0,106 Executing VM operation: HandshakeAllThreads
Event: 0,106 Executing VM operation: HandshakeAllThreads done

Events (20 events):
Event: 0,203 loading class java/util/regex/Pattern$BnM
Event: 0,203 loading class java/util/regex/Pattern$BnM done
Event: 0,203 loading class java/util/regex/Pattern$SliceS
Event: 0,203 loading class java/util/regex/Pattern$SliceS done
Event: 0,203 loading class java/util/regex/Matcher
Event: 0,203 loading class java/util/regex/MatchResult
Event: 0,203 loading class java/util/regex/MatchResult done
Event: 0,203 loading class java/util/regex/Matcher done
Event: 0,203 loading class java/util/regex/IntHashSet
Event: 0,203 loading class java/util/regex/IntHashSet done
Event: 0,203 loading class java/util/regex/Pattern$Begin
Event: 0,204 loading class java/util/regex/Pattern$Begin done
Event: 0,204 loading class java/util/regex/Pattern$BitClass
Event: 0,204 loading class java/util/regex/Pattern$BitClass done
Event: 0,205 loading class java/util/regex/Pattern$BmpCharPropertyGreedy
Event: 0,205 loading class java/util/regex/Pattern$BmpCharPropertyGreedy done
Event: 0,205 loading class java/util/regex/Pattern$Dollar
Event: 0,205 loading class java/util/regex/Pattern$Dollar done
Event: 0,206 loading class java/util/regex/Pattern$GroupTail
Event: 0,206 loading class java/util/regex/Pattern$GroupTail done


Dynamic libraries:
84600000-84e00000 rw-p 00000000 00:00 0 
84e00000-100000000 ---p 00000000 00:00 0 
100000000-100030000 rw-p 00000000 00:00 0 
100030000-100090000 rw-p 00000000 00:00 0 
100090000-140000000 ---p 00000000 00:00 0 
557d6f2d7000-557d6f2d8000 r--p 00000000 00:20 3836931                    /home/cjcleverson/.vscode/extensions/redhat.java-1.29.0-linux-x64/jre/17.0.10-linux-x86_64/bin/jcmd
557d6f2d8000-557d6f2d9000 r-xp 00001000 00:20 3836931                    /home/cjcleverson/.vscode/extensions/redhat.java-1.29.0-linux-x64/jre/17.0.10-linux-x86_64/bin/jcmd
557d6f2d9000-557d6f2da000 r--p 00002000 00:20 3836931                    /home/cjcleverson/.vscode/extensions/redhat.java-1.29.0-linux-x64/jre/17.0.10-linux-x86_64/bin/jcmd
557d6f2da000-557d6f2db000 r--p 00002000 00:20 3836931                    /home/cjcleverson/.vscode/extensions/redhat.java-1.29.0-linux-x64/jre/17.0.10-linux-x86_64/bin/jcmd
557d6f2db000-557d6f2dc000 rw-p 00003000 00:20 3836931                    /home/cjcleverson/.vscode/extensions/redhat.java-1.29.0-linux-x64/jre/17.0.10-linux-x86_64/bin/jcmd
557d6fe10000-557d6fe58000 rw-p 00000000 00:00 0                          [heap]
7fdb7bc19000-7fdb7c000000 rw-p 00000000 00:00 0 
7fdb7c000000-7fdb7c021000 rw-p 00000000 00:00 0 
7fdb7c021000-7fdb80000000 ---p 00000000 00:00 0 
7fdb80000000-7fdb80021000 rw-p 00000000 00:00 0 
7fdb80021000-7fdb84000000 ---p 00000000 00:00 0 
7fdb84000000-7fdb84021000 rw-p 00000000 00:00 0 
7fdb84021000-7fdb88000000 ---p 00000000 00:00 0 
7fdb88000000-7fdb88021000 rw-p 00000000 00:00 0 
7fdb88021000-7fdb8c000000 ---p 00000000 00:00 0 
7fdb8c000000-7fdb8c094000 rw-p 00000000 00:00 0 
7fdb8c094000-7fdb90000000 ---p 00000000 00:00 0 
7fdb90000000-7fdb900b2000 rw-p 00000000 00:00 0 
7fdb900b2000-7fdb94000000 ---p 00000000 00:00 0 
7fdb94000000-7fdb94021000 rw-p 00000000 00:00 0 
7fdb94021000-7fdb98000000 ---p 00000000 00:00 0 
7fdb98000000-7fdb98021000 rw-p 00000000 00:00 0 
7fdb98021000-7fdb9c000000 ---p 00000000 00:00 0 
7fdb9c000000-7fdb9c021000 rw-p 00000000 00:00 0 
7fdb9c021000-7fdba0000000 ---p 00000000 00:00 0 
7fdba0000000-7fdba0021000 rw-p 00000000 00:00 0 
7fdba0021000-7fdba4000000 ---p 00000000 00:00 0 
7fdba4000000-7fdba4021000 rw-p 00000000 00:00 0 
7fdba4021000-7fdba8000000 ---p 00000000 00:00 0 
7fdba8000000-7fdba8021000 rw-p 00000000 00:00 0 
7fdba8021000-7fdbac000000 ---p 00000000 00:00 0 
7fdbac000000-7fdbac3f0000 rw-p 00000000 00:00 0 
7fdbac3f0000-7fdbac420000 rw-p 00000000 00:00 0 
7fdbac420000-7fdbac500000 ---p 00000000 00:00 0 
7fdbac500000-7fdbac5a0000 rw-p 00000000 00:00 0 
7fdbac5a0000-7fdbb0000000 ---p 00000000 00:00 0 
7fdbb0000000-7fdbb0021000 rw-p 00000000 00:00 0 
7fdbb0021000-7fdbb4000000 ---p 00000000 00:00 0 
7fdbb4000000-7fdbb4021000 rw-p 00000000 00:00 0 
7fdbb4021000-7fdbb8000000 ---p 00000000 00:00 0 
7fdbb8000000-7fdbb8021000 rw-p 00000000 00:00 0 
7fdbb8021000-7fdbbc000000 ---p 00000000 00:00 0 
7fdbbc000000-7fdbbc021000 rw-p 00000000 00:00 0 
7fdbbc021000-7fdbc0000000 ---p 00000000 00:00 0 
7fdbc0000000-7fdbc0021000 rw-p 00000000 00:00 0 
7fdbc0021000-7fdbc4000000 ---p 00000000 00:00 0 
7fdbc412f000-7fdbc4133000 ---p 00000000 00:00 0 
7fdbc4133000-7fdbc422f000 rw-p 00000000 00:00 0 
7fdbc422f000-7fdbc4230000 ---p 00000000 00:00 0 
7fdbc4230000-7fdbc4330000 rw-p 00000000 00:00 0 
7fdbc4330000-7fdbc4334000 ---p 00000000 00:00 0 
7fdbc4334000-7fdbc6450000 rw-p 00000000 00:00 0 
7fdbc6450000-7fdbc8318000 ---p 00000000 00:00 0 
7fdbc8318000-7fdbc8338000 rw-p 00000000 00:00 0 
7fdbc8338000-7fdbca200000 ---p 00000000 00:00 0 
7fdbca200000-7fdbca470000 rwxp 00000000 00:00 0 
7fdbca470000-7fdbd1737000 ---p 00000000 00:00 0 
7fdbd1737000-7fdbd19a7000 rwxp 00000000 00:00 0 
7fdbd19a7000-7fdbd1cc8000 ---p 00000000 00:00 0 
7fdbd1cc8000-7fdbd1f38000 rwxp 00000000 00:00 0 
7fdbd1f38000-7fdbd9200000 ---p 00000000 00:00 0 
7fdbd9200000-7fdbdbe27000 r--s 00000000 00:20 3837334                    /home/cjcleverson/.vscode/extensions/redhat.java-1.29.0-linux-x64/jre/17.0.10-linux-x86_64/lib/modules
7fdbdbf00000-7fdbdbf04000 ---p 00000000 00:00 0 
7fdbdbf04000-7fdbdc000000 rw-p 00000000 00:00 0 
7fdbdc000000-7fdbdc249000 rw-p 00000000 00:00 0 
7fdbdc249000-7fdbe0000000 ---p 00000000 00:00 0 
7fdbe0056000-7fdbe007a000 r--p 00000000 00:20 2939977                    /usr/share/locale/pt_BR/LC_MESSAGES/libc.mo
7fdbe007d000-7fdbe00ae000 rw-p 00000000 00:00 0 
7fdbe00ae000-7fdbe00b2000 r--p 00000000 00:20 3837325                    /home/cjcleverson/.vscode/extensions/redhat.java-1.29.0-linux-x64/jre/17.0.10-linux-x86_64/lib/libnet.so
7fdbe00b2000-7fdbe00c0000 r-xp 00004000 00:20 3837325                    /home/cjcleverson/.vscode/extensions/redhat.java-1.29.0-linux-x64/jre/17.0.10-linux-x86_64/lib/libnet.so
7fdbe00c0000-7fdbe00c4000 r--p 00012000 00:20 3837325                    /home/cjcleverson/.vscode/extensions/redhat.java-1.29.0-linux-x64/jre/17.0.10-linux-x86_64/lib/libnet.so
7fdbe00c4000-7fdbe00c5000 r--p 00015000 00:20 3837325                    /home/cjcleverson/.vscode/extensions/redhat.java-1.29.0-linux-x64/jre/17.0.10-linux-x86_64/lib/libnet.so
7fdbe00c5000-7fdbe00c6000 rw-p 00016000 00:20 3837325                    /home/cjcleverson/.vscode/extensions/redhat.java-1.29.0-linux-x64/jre/17.0.10-linux-x86_64/lib/libnet.so
7fdbe00c6000-7fdbe00cd000 r--p 00000000 00:20 3837326                    /home/cjcleverson/.vscode/extensions/redhat.java-1.29.0-linux-x64/jre/17.0.10-linux-x86_64/lib/libnio.so
7fdbe00cd000-7fdbe00d6000 r-xp 00007000 00:20 3837326                    /home/cjcleverson/.vscode/extensions/redhat.java-1.29.0-linux-x64/jre/17.0.10-linux-x86_64/lib/libnio.so
7fdbe00d6000-7fdbe00da000 r--p 00010000 00:20 3837326                    /home/cjcleverson/.vscode/extensions/redhat.java-1.29.0-linux-x64/jre/17.0.10-linux-x86_64/lib/libnio.so
7fdbe00da000-7fdbe00db000 ---p 00014000 00:20 3837326                    /home/cjcleverson/.vscode/extensions/redhat.java-1.29.0-linux-x64/jre/17.0.10-linux-x86_64/lib/libnio.so
7fdbe00db000-7fdbe00dc000 r--p 00014000 00:20 3837326                    /home/cjcleverson/.vscode/extensions/redhat.java-1.29.0-linux-x64/jre/17.0.10-linux-x86_64/lib/libnio.so
7fdbe00dc000-7fdbe00dd000 rw-p 00015000 00:20 3837326                    /home/cjcleverson/.vscode/extensions/redhat.java-1.29.0-linux-x64/jre/17.0.10-linux-x86_64/lib/libnio.so
7fdbe00de000-7fdbe00e2000 ---p 00000000 00:00 0 
7fdbe00e2000-7fdbe01de000 rw-p 00000000 00:00 0 
7fdbe01de000-7fdbe01e2000 ---p 00000000 00:00 0 
7fdbe01e2000-7fdbe02de000 rw-p 00000000 00:00 0 
7fdbe02de000-7fdbe02e2000 ---p 00000000 00:00 0 
7fdbe02e2000-7fdbe03de000 rw-p 00000000 00:00 0 
7fdbe03de000-7fdbe03e2000 ---p 00000000 00:00 0 
7fdbe03e2000-7fdbe04de000 rw-p 00000000 00:00 0 
7fdbe04de000-7fdbe04e2000 ---p 00000000 00:00 0 
7fdbe04e2000-7fdbe05de000 rw-p 00000000 00:00 0 
7fdbe05de000-7fdbe0632000 r--p 00000000 07:00 187                        /var/lib/snapd/snap/code/155/usr/lib/locale/aa_DJ.utf8/LC_CTYPE
7fdbe0636000-7fdbe0637000 r--p 00000000 07:00 278                        /var/lib/snapd/snap/code/155/usr/lib/locale/agr_PE/LC_NUMERIC
7fdbe063e000-7fdbe063f000 r--p 00000000 07:00 5475                       /var/lib/snapd/snap/code/155/usr/lib/locale/pt_BR.utf8/LC_TIME
7fdbe0646000-7fdbe08be000 r--p 00000000 07:00 186                        /var/lib/snapd/snap/code/155/usr/lib/locale/aa_DJ.utf8/LC_COLLATE
7fdbe08be000-7fdbe08bf000 r--p 00000000 07:00 5470                       /var/lib/snapd/snap/code/155/usr/lib/locale/pt_BR.utf8/LC_MONETARY
7fdbe08c6000-7fdbe08c7000 r--p 00000000 07:00 5469                       /var/lib/snapd/snap/code/155/usr/lib/locale/pt_BR.utf8/LC_MESSAGES/SYS_LC_MESSAGES
7fdbe08ce000-7fdbe08cf000 r--p 00000000 07:00 195                        /var/lib/snapd/snap/code/155/usr/lib/locale/aa_DJ.utf8/LC_PAPER
7fdbe08d6000-7fdbe08d7000 r--p 00000000 07:00 277                        /var/lib/snapd/snap/code/155/usr/lib/locale/agr_PE/LC_NAME
7fdbe08de000-7fdbe08df000 r--p 00000000 07:00 5463                       /var/lib/snapd/snap/code/155/usr/lib/locale/pt_BR.utf8/LC_ADDRESS
7fdbe08e6000-7fdbe08e7000 r--p 00000000 07:00 5474                       /var/lib/snapd/snap/code/155/usr/lib/locale/pt_BR.utf8/LC_TELEPHONE
7fdbe08ee000-7fdbe08ef000 r--p 00000000 07:00 189                        /var/lib/snapd/snap/code/155/usr/lib/locale/aa_DJ.utf8/LC_MEASUREMENT
7fdbe08f5000-7fdbe08f9000 ---p 00000000 00:00 0 
7fdbe08f9000-7fdbe09f5000 rw-p 00000000 00:00 0 
7fdbe09f5000-7fdbe09f9000 ---p 00000000 00:00 0 
7fdbe09f9000-7fdbe0af5000 rw-p 00000000 00:00 0 
7fdbe0af5000-7fdbe0af6000 ---p 00000000 00:00 0 
7fdbe0af6000-7fdbe0bf6000 rw-p 00000000 00:00 0 
7fdbe0bf6000-7fdbe0bf8000 r--p 00000000 00:20 3837333                    /home/cjcleverson/.vscode/extensions/redhat.java-1.29.0-linux-x64/jre/17.0.10-linux-x86_64/lib/libzip.so
7fdbe0bf8000-7fdbe0c0a000 r-xp 00002000 00:20 3837333                    /home/cjcleverson/.vscode/extensions/redhat.java-1.29.0-linux-x64/jre/17.0.10-linux-x86_64/lib/libzip.so
7fdbe0c0a000-7fdbe0c12000 r--p 00014000 00:20 3837333                    /home/cjcleverson/.vscode/extensions/redhat.java-1.29.0-linux-x64/jre/17.0.10-linux-x86_64/lib/libzip.so
7fdbe0c12000-7fdbe0c13000 r--p 0001b000 00:20 3837333                    /home/cjcleverson/.vscode/extensions/redhat.java-1.29.0-linux-x64/jre/17.0.10-linux-x86_64/lib/libzip.so
7fdbe0c13000-7fdbe0c14000 rw-p 0001c000 00:20 3837333                    /home/cjcleverson/.vscode/extensions/redhat.java-1.29.0-linux-x64/jre/17.0.10-linux-x86_64/lib/libzip.so
7fdbe0c15000-7fdbe0d32000 rw-p 00000000 00:00 0 
7fdbe0d32000-7fdbe0d33000 ---p 00000000 00:00 0 
7fdbe0d33000-7fdbe0e33000 rw-p 00000000 00:00 0 
7fdbe0e33000-7fdbe0e34000 ---p 00000000 00:00 0 
7fdbe0e34000-7fdbe1338000 rw-p 00000000 00:00 0 
7fdbe1338000-7fdbe1339000 ---p 00000000 00:00 0 
7fdbe1339000-7fdbe1439000 rw-p 00000000 00:00 0 
7fdbe1439000-7fdbe143a000 ---p 00000000 00:00 0 
7fdbe143a000-7fdbe153a000 rw-p 00000000 00:00 0 
7fdbe153a000-7fdbe153b000 ---p 00000000 00:00 0 
7fdbe153b000-7fdbe1681000 rw-p 00000000 00:00 0 
7fdbe1681000-7fdbe1a5a000 ---p 00000000 00:00 0 
7fdbe1a5a000-7fdbe1a5e000 rw-p 00000000 00:00 0 
7fdbe1a5e000-7fdbe1e37000 ---p 00000000 00:00 0 
7fdbe1e37000-7fdbe1e3b000 rw-p 00000000 00:00 0 
7fdbe1e3b000-7fdbe2214000 ---p 00000000 00:00 0 
7fdbe2214000-7fdbe261d000 rw-p 00000000 00:00 0 
7fdbe261d000-7fdbe2703000 ---p 00000000 00:00 0 
7fdbe2703000-7fdbe2708000 rw-p 00000000 00:00 0 
7fdbe2708000-7fdbe27ee000 ---p 00000000 00:00 0 
7fdbe27ee000-7fdbe27fc000 r--p 00000000 00:20 3837312                    /home/cjcleverson/.vscode/extensions/redhat.java-1.29.0-linux-x64/jre/17.0.10-linux-x86_64/lib/libjava.so
7fdbe27fc000-7fdbe280e000 r-xp 0000e000 00:20 3837312                    /home/cjcleverson/.vscode/extensions/redhat.java-1.29.0-linux-x64/jre/17.0.10-linux-x86_64/lib/libjava.so
7fdbe280e000-7fdbe2814000 r--p 00020000 00:20 3837312                    /home/cjcleverson/.vscode/extensions/redhat.java-1.29.0-linux-x64/jre/17.0.10-linux-x86_64/lib/libjava.so
7fdbe2814000-7fdbe2815000 ---p 00026000 00:20 3837312                    /home/cjcleverson/.vscode/extensions/redhat.java-1.29.0-linux-x64/jre/17.0.10-linux-x86_64/lib/libjava.so
7fdbe2815000-7fdbe2816000 r--p 00026000 00:20 3837312                    /home/cjcleverson/.vscode/extensions/redhat.java-1.29.0-linux-x64/jre/17.0.10-linux-x86_64/lib/libjava.so
7fdbe2816000-7fdbe2817000 rw-p 00027000 00:20 3837312                    /home/cjcleverson/.vscode/extensions/redhat.java-1.29.0-linux-x64/jre/17.0.10-linux-x86_64/lib/libjava.so
7fdbe2817000-7fdbe2818000 rw-p 00000000 00:00 0 
7fdbe281e000-7fdbe2822000 ---p 00000000 00:00 0 
7fdbe2822000-7fdbe291e000 rw-p 00000000 00:00 0 
7fdbe291e000-7fdbe292e000 r--p 00000000 00:20 2940812                    /usr/lib64/libm.so.6
7fdbe292e000-7fdbe29a2000 r-xp 00010000 00:20 2940812                    /usr/lib64/libm.so.6
7fdbe29a2000-7fdbe29fc000 r--p 00084000 00:20 2940812                    /usr/lib64/libm.so.6
7fdbe29fc000-7fdbe29fd000 r--p 000dd000 00:20 2940812                    /usr/lib64/libm.so.6
7fdbe29fd000-7fdbe29fe000 rw-p 000de000 00:20 2940812                    /usr/lib64/libm.so.6
7fdbe2a00000-7fdbe2c53000 r--p 00000000 00:20 3837344                    /home/cjcleverson/.vscode/extensions/redhat.java-1.29.0-linux-x64/jre/17.0.10-linux-x86_64/lib/server/libjvm.so
7fdbe2c53000-7fdbe3972000 r-xp 00253000 00:20 3837344                    /home/cjcleverson/.vscode/extensions/redhat.java-1.29.0-linux-x64/jre/17.0.10-linux-x86_64/lib/server/libjvm.so
7fdbe3972000-7fdbe3bfe000 r--p 00f72000 00:20 3837344                    /home/cjcleverson/.vscode/extensions/redhat.java-1.29.0-linux-x64/jre/17.0.10-linux-x86_64/lib/server/libjvm.so
7fdbe3bfe000-7fdbe3bff000 ---p 011fe000 00:20 3837344                    /home/cjcleverson/.vscode/extensions/redhat.java-1.29.0-linux-x64/jre/17.0.10-linux-x86_64/lib/server/libjvm.so
7fdbe3bff000-7fdbe3cb8000 r--p 011fe000 00:20 3837344                    /home/cjcleverson/.vscode/extensions/redhat.java-1.29.0-linux-x64/jre/17.0.10-linux-x86_64/lib/server/libjvm.so
7fdbe3cb8000-7fdbe3ced000 rw-p 012b7000 00:20 3837344                    /home/cjcleverson/.vscode/extensions/redhat.java-1.29.0-linux-x64/jre/17.0.10-linux-x86_64/lib/server/libjvm.so
7fdbe3ced000-7fdbe3d47000 rw-p 00000000 00:00 0 
7fdbe3d4e000-7fdbe3d55000 r--s 00000000 00:20 2940875                    /usr/lib64/gconv/gconv-modules.cache
7fdbe3d5a000-7fdbe3d5f000 rw-p 00000000 00:00 0 
7fdbe3d5f000-7fdbe3d66000 ---p 00000000 00:00 0 
7fdbe3d66000-7fdbe3d6a000 r--p 00000000 00:20 3837316                    /home/cjcleverson/.vscode/extensions/redhat.java-1.29.0-linux-x64/jre/17.0.10-linux-x86_64/lib/libjimage.so
7fdbe3d6a000-7fdbe3d7d000 r-xp 00004000 00:20 3837316                    /home/cjcleverson/.vscode/extensions/redhat.java-1.29.0-linux-x64/jre/17.0.10-linux-x86_64/lib/libjimage.so
7fdbe3d7d000-7fdbe3d83000 r--p 00017000 00:20 3837316                    /home/cjcleverson/.vscode/extensions/redhat.java-1.29.0-linux-x64/jre/17.0.10-linux-x86_64/lib/libjimage.so
7fdbe3d83000-7fdbe3d85000 r--p 0001c000 00:20 3837316                    /home/cjcleverson/.vscode/extensions/redhat.java-1.29.0-linux-x64/jre/17.0.10-linux-x86_64/lib/libjimage.so
7fdbe3d85000-7fdbe3d86000 rw-p 0001e000 00:20 3837316                    /home/cjcleverson/.vscode/extensions/redhat.java-1.29.0-linux-x64/jre/17.0.10-linux-x86_64/lib/libjimage.so
7fdbe3d86000-7fdbe3dac000 r--p 00000000 00:20 2940809                    /usr/lib64/libc.so.6
7fdbe3dac000-7fdbe3f02000 r-xp 00026000 00:20 2940809                    /usr/lib64/libc.so.6
7fdbe3f02000-7fdbe3f55000 r--p 0017c000 00:20 2940809                    /usr/lib64/libc.so.6
7fdbe3f55000-7fdbe3f59000 r--p 001ce000 00:20 2940809                    /usr/lib64/libc.so.6
7fdbe3f59000-7fdbe3f5b000 rw-p 001d2000 00:20 2940809                    /usr/lib64/libc.so.6
7fdbe3f5b000-7fdbe3f63000 rw-p 00000000 00:00 0 
7fdbe3f66000-7fdbe3f67000 r--p 00000000 00:20 2940811                    /usr/lib64/libdl.so.2
7fdbe3f67000-7fdbe3f68000 r-xp 00001000 00:20 2940811                    /usr/lib64/libdl.so.2
7fdbe3f68000-7fdbe3f69000 r--p 00002000 00:20 2940811                    /usr/lib64/libdl.so.2
7fdbe3f69000-7fdbe3f6a000 r--p 00002000 00:20 2940811                    /usr/lib64/libdl.so.2
7fdbe3f6a000-7fdbe3f6b000 rw-p 00003000 00:20 2940811                    /usr/lib64/libdl.so.2
7fdbe3f6e000-7fdbe3f6f000 r--p 00000000 00:20 2940817                    /usr/lib64/libpthread.so.0
7fdbe3f6f000-7fdbe3f70000 r-xp 00001000 00:20 2940817                    /usr/lib64/libpthread.so.0
7fdbe3f70000-7fdbe3f71000 r--p 00002000 00:20 2940817                    /usr/lib64/libpthread.so.0
7fdbe3f71000-7fdbe3f72000 r--p 00002000 00:20 2940817                    /usr/lib64/libpthread.so.0
7fdbe3f72000-7fdbe3f73000 rw-p 00003000 00:20 2940817                    /usr/lib64/libpthread.so.0
7fdbe3f76000-7fdbe3f77000 r--p 00000000 07:00 5466                       /var/lib/snapd/snap/code/155/usr/lib/locale/pt_BR.utf8/LC_IDENTIFICATION
7fdbe3f7e000-7fdbe3f86000 rw-s 00000000 00:25 295                        /tmp/hsperfdata_cjcleverson/7776
7fdbe3f86000-7fdbe3f87000 r--p 00000000 00:20 2940819                    /usr/lib64/librt.so.1
7fdbe3f87000-7fdbe3f88000 r-xp 00001000 00:20 2940819                    /usr/lib64/librt.so.1
7fdbe3f88000-7fdbe3f89000 r--p 00002000 00:20 2940819                    /usr/lib64/librt.so.1
7fdbe3f89000-7fdbe3f8a000 r--p 00002000 00:20 2940819                    /usr/lib64/librt.so.1
7fdbe3f8a000-7fdbe3f8b000 rw-p 00003000 00:20 2940819                    /usr/lib64/librt.so.1
7fdbe3f8e000-7fdbe3f91000 r--p 00000000 00:20 3837317                    /home/cjcleverson/.vscode/extensions/redhat.java-1.29.0-linux-x64/jre/17.0.10-linux-x86_64/lib/libjli.so
7fdbe3f91000-7fdbe3fa1000 r-xp 00003000 00:20 3837317                    /home/cjcleverson/.vscode/extensions/redhat.java-1.29.0-linux-x64/jre/17.0.10-linux-x86_64/lib/libjli.so
7fdbe3fa1000-7fdbe3fa8000 r--p 00013000 00:20 3837317                    /home/cjcleverson/.vscode/extensions/redhat.java-1.29.0-linux-x64/jre/17.0.10-linux-x86_64/lib/libjli.so
7fdbe3fa8000-7fdbe3fa9000 r--p 00019000 00:20 3837317                    /home/cjcleverson/.vscode/extensions/redhat.java-1.29.0-linux-x64/jre/17.0.10-linux-x86_64/lib/libjli.so
7fdbe3fa9000-7fdbe3faa000 rw-p 0001a000 00:20 3837317                    /home/cjcleverson/.vscode/extensions/redhat.java-1.29.0-linux-x64/jre/17.0.10-linux-x86_64/lib/libjli.so
7fdbe3faa000-7fdbe3fab000 ---p 00000000 00:00 0 
7fdbe3fab000-7fdbe3fac000 r--p 00000000 00:00 0 
7fdbe3fac000-7fdbe3fae000 rw-p 00000000 00:00 0 
7fdbe3fae000-7fdbe3faf000 r--p 00000000 00:20 2940806                    /usr/lib64/ld-linux-x86-64.so.2
7fdbe3faf000-7fdbe3fd5000 r-xp 00001000 00:20 2940806                    /usr/lib64/ld-linux-x86-64.so.2
7fdbe3fd5000-7fdbe3fdf000 r--p 00027000 00:20 2940806                    /usr/lib64/ld-linux-x86-64.so.2
7fdbe3fdf000-7fdbe3fe0000 ---p 00000000 00:00 0 
7fdbe3fe0000-7fdbe3fe2000 r--p 00031000 00:20 2940806                    /usr/lib64/ld-linux-x86-64.so.2
7fdbe3fe2000-7fdbe3fe4000 rw-p 00033000 00:20 2940806                    /usr/lib64/ld-linux-x86-64.so.2
7fdbe3fe4000-7fdbe3fe6000 rw-p 00000000 00:00 0 
7ffd031bd000-7ffd031df000 rw-p 00000000 00:00 0                          [stack]
7ffd031ee000-7ffd031f2000 r--p 00000000 00:00 0                          [vvar]
7ffd031f2000-7ffd031f4000 r-xp 00000000 00:00 0                          [vdso]
ffffffffff600000-ffffffffff601000 --xp 00000000 00:00 0                  [vsyscall]


VM Arguments:
jvm_args: -Dapplication.home=/home/cjcleverson/.vscode/extensions/redhat.java-1.29.0-linux-x64/jre/17.0.10-linux-x86_64 -Xms8m -Djdk.module.main=jdk.jcmd 
java_command: jdk.jcmd/sun.tools.jcmd.JCmd 4303 VM.uptime
java_class_path (initial): <not set>
Launcher Type: SUN_STANDARD

[Global flags]
     intx CICompilerCount                          = 3                                         {product} {ergonomic}
     uint ConcGCThreads                            = 1                                         {product} {ergonomic}
     uint G1ConcRefinementThreads                  = 4                                         {product} {ergonomic}
   size_t G1HeapRegionSize                         = 1048576                                   {product} {ergonomic}
    uintx GCDrainStackTargetSize                   = 64                                        {product} {ergonomic}
   size_t InitialHeapSize                          = 8388608                                   {product} {command line}
   size_t MarkStackSize                            = 4194304                                   {product} {ergonomic}
   size_t MaxHeapSize                              = 2074083328                                {product} {ergonomic}
   size_t MaxNewSize                               = 1243611136                                {product} {ergonomic}
   size_t MinHeapDeltaBytes                        = 1048576                                   {product} {ergonomic}
   size_t MinHeapSize                              = 8388608                                   {product} {command line}
    uintx NonNMethodCodeHeapSize                   = 5832780                                {pd product} {ergonomic}
    uintx NonProfiledCodeHeapSize                  = 122912730                              {pd product} {ergonomic}
    uintx ProfiledCodeHeapSize                     = 122912730                              {pd product} {ergonomic}
    uintx ReservedCodeCacheSize                    = 251658240                              {pd product} {ergonomic}
     bool SegmentedCodeCache                       = true                                      {product} {ergonomic}
   size_t SoftMaxHeapSize                          = 2074083328                             {manageable} {ergonomic}
     bool UseCompressedClassPointers               = true                           {product lp64_product} {ergonomic}
     bool UseCompressedOops                        = true                           {product lp64_product} {ergonomic}
     bool UseG1GC                                  = true                                      {product} {ergonomic}

Logging:
Log output configuration:
 #0: stdout all=warning uptime,level,tags
 #1: stderr all=off uptime,level,tags

Environment Variables:
JAVA_HOME=/usr/java/jdk-17.0.1/
PATH=/home/cjcleverson/.local/bin:/home/cjcleverson/bin:/usr/local/bin:/usr/local/sbin:/usr/bin:/usr/sbin:/var/lib/snapd/snap/bin:/opt/maven/bin:/usr/java/jdk-17.0.1/bin/:/opt/maven/bin
USERNAME=cjcleverson
SHELL=/bin/bash
DISPLAY=:0
LANG=pt_BR.UTF-8
TERM=xterm-256color

Active Locale:
LC_ALL=pt_BR.UTF-8
LC_COLLATE=pt_BR.UTF-8
LC_CTYPE=pt_BR.UTF-8
LC_MESSAGES=pt_BR.UTF-8
LC_MONETARY=pt_BR.UTF-8
LC_NUMERIC=pt_BR.UTF-8
LC_TIME=pt_BR.UTF-8

Signal Handlers:
   SIGSEGV: crash_handler in libjvm.so, mask=11100100010111111101111111111110, flags=SA_RESTART|SA_SIGINFO, unblocked
    SIGBUS: crash_handler in libjvm.so, mask=11100100010111111101111111111110, flags=SA_RESTART|SA_SIGINFO, unblocked
    SIGFPE: crash_handler in libjvm.so, mask=11100100010111111101111111111110, flags=SA_RESTART|SA_SIGINFO, unblocked
   SIGPIPE: javaSignalHandler in libjvm.so, mask=11100100010111111101111111111110, flags=SA_RESTART|SA_SIGINFO, blocked
   SIGXFSZ: javaSignalHandler in libjvm.so, mask=11100100010111111101111111111110, flags=SA_RESTART|SA_SIGINFO, blocked
    SIGILL: crash_handler in libjvm.so, mask=11100100010111111101111111111110, flags=SA_RESTART|SA_SIGINFO, unblocked
   SIGUSR2: SR_handler in libjvm.so, mask=00000000000000000000000000000000, flags=SA_RESTART|SA_SIGINFO, blocked
    SIGHUP: UserHandler in libjvm.so, mask=11100100010111111101111111111110, flags=SA_RESTART|SA_SIGINFO, blocked
    SIGINT: UserHandler in libjvm.so, mask=11100100010111111101111111111110, flags=SA_RESTART|SA_SIGINFO, blocked
   SIGTERM: UserHandler in libjvm.so, mask=11100100010111111101111111111110, flags=SA_RESTART|SA_SIGINFO, blocked
   SIGQUIT: UserHandler in libjvm.so, mask=11100100010111111101111111111110, flags=SA_RESTART|SA_SIGINFO, blocked
   SIGTRAP: crash_handler in libjvm.so, mask=11100100010111111101111111111110, flags=SA_RESTART|SA_SIGINFO, unblocked


Periodic native trim disabled


---------------  S Y S T E M  ---------------

OS:
Fedora release 37 (Thirty Seven)
uname: Linux 6.5.5-100.fc37.x86_64 #1 SMP PREEMPT_DYNAMIC Sat Sep 23 22:53:27 UTC 2023 x86_64
OS uptime: 0 days 0:23 hours
libc: glibc 2.36 NPTL 2.36 
rlimit (soft/hard): STACK 8192k/infinity , CORE infinity/infinity , NPROC 31373/31373 , NOFILE 1048576/1048576 , AS infinity/infinity , CPU infinity/infinity , DATA infinity/infinity , FSIZE infinity/infinity , MEMLOCK 8192k/8192k
load average: 0,88 1,70 2,32

/proc/meminfo:
MemTotal:        8098544 kB
MemFree:          235088 kB
MemAvailable:    3166028 kB
Buffers:              44 kB
Cached:          3225008 kB
SwapCached:         1396 kB
Active:          3144272 kB
Inactive:        4144556 kB
Active(anon):    2551400 kB
Inactive(anon):  1630000 kB
Active(file):     592872 kB
Inactive(file):  2514556 kB
Unevictable:        5540 kB
Mlocked:            5540 kB
SwapTotal:       8097788 kB
SwapFree:        7943420 kB
Zswap:                 0 kB
Zswapped:              0 kB
Dirty:               488 kB
Writeback:             0 kB
AnonPages:       4067976 kB
Mapped:          1173216 kB
Shmem:            112660 kB
KReclaimable:      86136 kB
Slab:             260376 kB
SReclaimable:      86136 kB
SUnreclaim:       174240 kB
KernelStack:       18256 kB
PageTables:        52592 kB
SecPageTables:         0 kB
NFS_Unstable:          0 kB
Bounce:                0 kB
WritebackTmp:          0 kB
CommitLimit:    12147060 kB
Committed_AS:   12586080 kB
VmallocTotal:   34359738367 kB
VmallocUsed:      125484 kB
VmallocChunk:          0 kB
Percpu:             7520 kB
HardwareCorrupted:     0 kB
AnonHugePages:         0 kB
ShmemHugePages:        0 kB
ShmemPmdMapped:        0 kB
FileHugePages:         0 kB
FilePmdMapped:         0 kB
CmaTotal:              0 kB
CmaFree:               0 kB
Unaccepted:            0 kB
HugePages_Total:       0
HugePages_Free:        0
HugePages_Rsvd:        0
HugePages_Surp:        0
Hugepagesize:       2048 kB
Hugetlb:               0 kB
DirectMap4k:      424448 kB
DirectMap2M:     7946240 kB
DirectMap1G:           0 kB

/sys/kernel/mm/transparent_hugepage/enabled: always [madvise] never
/sys/kernel/mm/transparent_hugepage/defrag (defrag/compaction efforts parameter): always defer defer+madvise [madvise] never

Process Memory:
Virtual Size: 4779480K (peak: 4779480K)
Resident Set Size: 42240K (peak: 42240K) (anon: 18176K, file: 24064K, shmem: 0K)
Swapped out: 0K
C-Heap outstanding allocations: 17312K, retained: 2163K
glibc malloc tunables: (default)

/proc/sys/kernel/threads-max (system-wide limit on the number of threads): 62746
/proc/sys/vm/max_map_count (maximum number of memory map areas a process may have): 65530
/proc/sys/kernel/pid_max (system-wide limit on number of process identifiers): 4194304

container (cgroup) information:
container_type: cgroupv2
cpu_cpuset_cpus: not supported
cpu_memory_nodes: not supported
active_processor_count: 4
cpu_quota: no quota
cpu_period: 100000
cpu_shares: 8192
memory_limit_in_bytes: unlimited
memory_and_swap_limit_in_bytes: unlimited
memory_soft_limit_in_bytes: unlimited
memory_usage_in_bytes: 2993336 k
memory_max_usage_in_bytes: not supported
memory_swap_current_in_bytes: 3836 k
memory_swap_max_limit_in_bytes: unlimited
maximum number of tasks: 9411
current number of tasks: 336

Steal ticks since vm start: 0
Steal ticks percentage since vm start:  0,000

CPU: total 8 (initial active 4) (4 cores per cpu, 1 threads per core) family 21 model 1 stepping 2 microcode 0x600063e, cx8, cmov, fxsr, mmx, 3dnowpref, sse, sse2, sse3, ssse3, sse4a, sse4.1, sse4.2, popcnt, lzcnt, tsc, tscinvbit, avx, aes, clmul, vzeroupper, clflush
CPU Model and flags from /proc/cpuinfo:
model name	: AMD FX(tm)-4100 Quad-Core Processor
flags		: fpu vme de pse tsc msr pae mce cx8 apic sep mtrr pge mca cmov pat pse36 clflush mmx fxsr sse sse2 ht syscall nx mmxext fxsr_opt pdpe1gb rdtscp lm constant_tsc rep_good nopl nonstop_tsc cpuid extd_apicid aperfmperf pni pclmulqdq monitor ssse3 cx16 sse4_1 sse4_2 popcnt aes xsave avx lahf_lm cmp_legacy svm extapic cr8_legacy abm sse4a misalignsse 3dnowprefetch osvw ibs xop skinit wdt fma4 nodeid_msr topoext perfctr_core perfctr_nb cpb hw_pstate ssbd ibpb vmmcall arat npt lbrv svm_lock nrip_save tsc_scale vmcb_clean flushbyasid decodeassists pausefilter pfthreshold

Online cpus: 0-3
Offline cpus: 4-7
BIOS frequency limitation: 3600000
Frequency switch latency (ns): 4000
Available cpu frequencies: 3600000 3300000 2500000 1700000 1400000 
Current governor: schedutil
Core performance/turbo boost: 1

Memory: 4k page, physical 8098544k(235088k free), swap 8097788k(7943420k free)
Page Sizes: 4k

vm_info: OpenJDK 64-Bit Server VM (17.0.10+7) for linux-amd64 JRE (17.0.10+7), built on Jan 16 2024 00:00:00 by "admin" with gcc 10.3.0

END.
