#
# A fatal error has been detected by the Java Runtime Environment:
#
#  Internal Error (assembler_x86.cpp:1105), pid=146767, tid=146781
#  Error: ShouldNotReachHere()
#
# JRE version: OpenJDK Runtime Environment Temurin-17.0.10+7 (17.0.10+7) (build 17.0.10+7)
# Java VM: OpenJDK 64-Bit Server VM Temurin-17.0.10+7 (17.0.10+7, mixed mode, tiered, compressed oops, compressed class ptrs, g1 gc, linux-amd64)
# Problematic frame:
# V  [libjvm.so+0x3e44a9]  Assembler::locate_operand(unsigned char*, Assembler::WhichOperand)+0xd9
#
# Core dump will be written. Default location: Core dumps may be processed with "/usr/lib/systemd/systemd-coredump %P %u %g %s %t %c %h" (or dumping to /home/cjcleverson/Desenvolvimento/Spring-boot/spring-batch/core.146767)
#
# If you would like to submit a bug report, please visit:
#   https://github.com/adoptium/adoptium-support/issues
#

---------------  S U M M A R Y ------------

Command Line: -Dapplication.home=/home/cjcleverson/.vscode/extensions/redhat.java-1.28.1-linux-x64/jre/17.0.10-linux-x86_64 -Xms8m -Djdk.module.main=jdk.jcmd jdk.jcmd/sun.tools.jcmd.JCmd 114901 VM.uptime

Host: AMD FX(tm)-4100 Quad-Core Processor, 8 cores, 7G, Fedora release 37 (Thirty Seven)
Time: Mon Apr  1 18:20:32 2024 -03 elapsed time: 0.355186 seconds (0d 0h 0m 0s)

---------------  T H R E A D  ---------------

Current thread (0x00007faf68163230):  JavaThread "C1 CompilerThread0" daemon [_thread_in_vm, id=146781, stack(0x00007faf50914000,0x00007faf50a14000)]


Current CompileTask:
C1:    355   64       3       java.util.HashMap::resize (358 bytes)

Stack: [0x00007faf50914000,0x00007faf50a14000],  sp=0x00007faf50a11d50,  free space=1015k
Native frames: (J=compiled Java code, j=interpreted, Vv=VM code, C=native code)
V  [libjvm.so+0x3e44a9]  Assembler::locate_operand(unsigned char*, Assembler::WhichOperand)+0xd9
V  [libjvm.so+0xcbc589]  Relocation::pd_set_data_value(unsigned char*, long, bool)+0x39
V  [libjvm.so+0x5a5a82]  CodeBuffer::relocate_code_to(CodeBuffer*) const+0x222
V  [libjvm.so+0x5a653d]  CodeBuffer::copy_code_to(CodeBlob*)+0x17d
V  [libjvm.so+0xbe60e6]  nmethod::nmethod(Method*, CompilerType, int, int, int, CodeOffsets*, int, DebugInformationRecorder*, Dependencies*, CodeBuffer*, int, OopMapSet*, ExceptionHandlerTable*, ImplicitExceptionTable*, AbstractCompiler*, int, GrowableArrayView<RuntimeStub*> const&, char*, int, int)+0x3a6
V  [libjvm.so+0xbe649d]  nmethod::new_nmethod(methodHandle const&, int, int, CodeOffsets*, int, DebugInformationRecorder*, Dependencies*, CodeBuffer*, int, OopMapSet*, ExceptionHandlerTable*, ImplicitExceptionTable*, AbstractCompiler*, int, GrowableArrayView<RuntimeStub*> const&, char*, int, int, char const*, FailedSpeculation**)+0x1ed
V  [libjvm.so+0x547d5e]  ciEnv::register_method(ciMethod*, int, CodeOffsets*, int, CodeBuffer*, int, OopMapSet*, ExceptionHandlerTable*, ImplicitExceptionTable*, AbstractCompiler*, bool, bool, RTMState, GrowableArrayView<RuntimeStub*> const&)+0x3de
V  [libjvm.so+0x4692b9]  Compilation::install_code(int)+0xa9
V  [libjvm.so+0x46a45a]  Compilation::compile_method()+0x27a
V  [libjvm.so+0x46a6c3]  Compilation::Compilation(AbstractCompiler*, ciEnv*, ciMethod*, int, BufferBlob*, bool, DirectiveSet*)+0x203
V  [libjvm.so+0x46b11c]  Compiler::compile_method(ciEnv*, ciMethod*, int, bool, DirectiveSet*)+0xac
V  [libjvm.so+0x5df273]  CompileBroker::invoke_compiler_on_method(CompileTask*)+0xf23
V  [libjvm.so+0x5e00d8]  CompileBroker::compiler_thread_loop()+0x6a8
V  [libjvm.so+0xe5fa16]  JavaThread::thread_main_inner()+0x196
V  [libjvm.so+0xe633b8]  Thread::call_run()+0xa8
V  [libjvm.so+0xc24791]  thread_native_entry(Thread*)+0xe1

Registers:
RAX=0x00007faf6e21a000, RBX=0x0000000000000000, RCX=0x0000000000000006, RDX=0x00007faf6db84e34
RSP=0x00007faf50a11d50, RBP=0x00007faf50a11d70, RSI=0x0000000000000451, RDI=0x00007faf6db84d00
R8 =0x0000000000000000, R9 =0x00007faf50a11e40, R10=0x0000000000000000, R11=0x00007faf1c061864
R12=0x00007faf56215bc2, R13=0x0000000000000000, R14=0x00007faf50a11dd0, R15=0x00007faf56215c7e
RIP=0x00007faf6cfe44a9, EFLAGS=0x0000000000010246, CSGSFS=0x002b000000000033, ERR=0x0000000000000006
  TRAPNO=0x000000000000000e


Register to memory mapping:

RAX=0x00007faf6e21a000 points into unknown readable memory: 0x0000000000000058 | 58 00 00 00 00 00 00 00
RBX=0x0 is NULL
RCX=0x0000000000000006 is an unknown value
RDX=0x00007faf6db84e34: <offset 0x0000000000f84e34> in /home/cjcleverson/.vscode/extensions/redhat.java-1.28.1-linux-x64/jre/17.0.10-linux-x86_64/lib/server/libjvm.so at 0x00007faf6cc00000
RSP=0x00007faf50a11d50 is pointing into the stack for thread: 0x00007faf68163230
RBP=0x00007faf50a11d70 is pointing into the stack for thread: 0x00007faf68163230
RSI=0x0000000000000451 is an unknown value
RDI=0x00007faf6db84d00: <offset 0x0000000000f84d00> in /home/cjcleverson/.vscode/extensions/redhat.java-1.28.1-linux-x64/jre/17.0.10-linux-x86_64/lib/server/libjvm.so at 0x00007faf6cc00000
R8 =0x0 is NULL
R9 =0x00007faf50a11e40 is pointing into the stack for thread: 0x00007faf68163230
R10=0x0 is NULL
R11=0x00007faf1c061864 points into unknown readable memory: 00 00 00 00
R12=0x00007faf56215bc2 is at entry_point+4994 in (nmethod*)0x00007faf56214590
Compiled method (c1)     365   64       3       java.util.HashMap::resize (358 bytes)
 total in heap  [0x00007faf56214590,0x00007faf562160c8] = 6968
 relocation     [0x00007faf562146f0,0x00007faf56214818] = 296
 constants      [0x00007faf56214820,0x00007faf56214840] = 32
 main code      [0x00007faf56214840,0x00007faf56215c40] = 5120
 stub code      [0x00007faf56215c40,0x00007faf56215c80] = 64
 metadata       [0x00007faf56215c80,0x00007faf56215c88] = 8
 scopes data    [0x00007faf56215c88,0x00007faf56215dd8] = 336
 scopes pcs     [0x00007faf56215dd8,0x00007faf56216028] = 592
 dependencies   [0x00007faf56216028,0x00007faf56216030] = 8
 nul chk table  [0x00007faf56216030,0x00007faf562160c8] = 152
R13=0x0 is NULL
R14=0x00007faf50a11dd0 is pointing into the stack for thread: 0x00007faf68163230
R15=0x00007faf56215c7e is at entry_point+5182 in (nmethod*)0x00007faf56214590
Compiled method (c1)     365   64       3       java.util.HashMap::resize (358 bytes)
 total in heap  [0x00007faf56214590,0x00007faf562160c8] = 6968
 relocation     [0x00007faf562146f0,0x00007faf56214818] = 296
 constants      [0x00007faf56214820,0x00007faf56214840] = 32
 main code      [0x00007faf56214840,0x00007faf56215c40] = 5120
 stub code      [0x00007faf56215c40,0x00007faf56215c80] = 64
 metadata       [0x00007faf56215c80,0x00007faf56215c88] = 8
 scopes data    [0x00007faf56215c88,0x00007faf56215dd8] = 336
 scopes pcs     [0x00007faf56215dd8,0x00007faf56216028] = 592
 dependencies   [0x00007faf56216028,0x00007faf56216030] = 8
 nul chk table  [0x00007faf56216030,0x00007faf562160c8] = 152


Top of Stack: (sp=0x00007faf50a11d50)
0x00007faf50a11d50:   0000000000000006 00007faf562158d3
0x00007faf50a11d60:   0000000000000000 00007faf56215bc1
0x00007faf50a11d70:   00007faf50a11da0 00007faf6d8bc589
0x00007faf50a11d80:   00007faf50a11eb0 00007faf50a12600
0x00007faf50a11d90:   0000000000000058 00007faf50a11dd0
0x00007faf50a11da0:   00007faf50a11ea0 00007faf6d1a5a82
0x00007faf50a11db0:   00007faf1003d730 00007faf50a11fa8
0x00007faf50a11dc0:   0000146000000028 00007faf56214820
0x00007faf50a11dd0:   0000000000000000 00007faf1c061850
0x00007faf50a11de0:   00007faf1c061864 0000000000000000
0x00007faf50a11df0:   00007faf56215bc1 00007faf50a102ee
0x00007faf50a11e00:   00007faf50a11df8 00007faf6e050001
0x00007faf50a11e10:   00007faf56214820 00007faf56214840
0x00007faf50a11e20:   00007faf56215c40 00007faf56214824
0x00007faf50a11e30:   00007faf56215c2a 00007faf56215c7e
0x00007faf50a11e40:   00007faf6de14838 00007faf50a11dd0
0x00007faf50a11e50:   0000000000000008 00007faf562158d3
0x00007faf50a11e60:   00007fafffffffff 00007faf6cfc80d2
0x00007faf50a11e70:   0000000000000000 00007faf50a11eb0
0x00007faf50a11e80:   00007faf56214590 00007faf50a12600
0x00007faf50a11e90:   00007faf56214590 00000000000016f8
0x00007faf50a11ea0:   00007faf50a12060 00007faf6d1a653d
0x00007faf50a11eb0:   00007faf6dbf357c 00007faf56214820
0x00007faf50a11ec0:   0000000000000000 00007faf56214824
0x00007faf50a11ed0:   00007faf56214840 0000000000000000
0x00007faf50a11ee0:   0000000000000000 0000000000000000
0x00007faf50a11ef0:   00007faf56214820 00000148ff000000
0x00007faf50a11f00:   00007faf50a11eb0 00007faf56214840
0x00007faf50a11f10:   0000000000000000 00007faf56215c2a
0x00007faf50a11f20:   00007faf56215c40 00007faf1c061760
0x00007faf50a11f30:   00007faf1c061864 00007faf1c061864
0x00007faf50a11f40:   00007faf56215c25 0000000000010000 

Instructions: (pc=0x00007faf6cfe44a9)
0x00007faf6cfe43a9:   1f 84 00 00 00 00 00 e9 cb f7 ff ff 90 66 2e 0f
0x00007faf6cfe43b9:   1f 84 00 00 00 00 00 e9 bb f7 ff ff 90 66 2e 0f
0x00007faf6cfe43c9:   1f 84 00 00 00 00 00 55 48 8d 15 5c 0a ba 00 48
0x00007faf6cfe43d9:   89 e5 41 55 41 54 53 89 f3 31 f6 48 83 ec 08 0f
0x00007faf6cfe43e9:   b6 0f 0f b6 c1 48 63 04 82 4c 8d 67 01 48 01 d0
0x00007faf6cfe43f9:   ff e0 0f 1f 44 00 00 45 31 ed 41 0f b6 04 24 4d
0x00007faf6cfe4409:   8d 44 24 01 89 c2 c1 f8 06 83 e2 07 80 fa 04 74
0x00007faf6cfe4419:   3e 0f b6 d2 83 f8 01 74 4e 83 f8 02 74 5e 85 c0
0x00007faf6cfe4429:   74 55 4d 01 c5 83 fb 04 4d 0f 44 c5 48 83 c4 08
0x00007faf6cfe4439:   4c 89 c0 5b 41 5c 41 5d 5d c3 0f 1f 44 00 00 0f
0x00007faf6cfe4449:   b6 47 01 4c 89 e7 eb 9d 0f 1f 80 00 00 00 00 83
0x00007faf6cfe4459:   f8 03 74 ce 41 0f b6 54 24 01 4d 8d 44 24 02 83
0x00007faf6cfe4469:   e2 07 83 f8 01 75 b2 49 83 c0 01 eb b5 66 2e 0f
0x00007faf6cfe4479:   1f 84 00 00 00 00 00 83 fa 05 75 a6 83 fb 01 74
0x00007faf6cfe4489:   ab 49 83 c0 04 eb 9b 48 8d 05 b1 7e ed 00 be 51
0x00007faf6cfe4499:   04 00 00 48 8d 3d 5d 08 ba 00 45 31 ed 48 8b 00
0x00007faf6cfe44a9:   c6 00 58 e8 5f 5f 22 00 e8 7a ac 83 00 e9 48 ff
0x00007faf6cfe44b9:   ff ff 0f 1f 44 00 00 0f b6 47 01 be 01 00 00 00
0x00007faf6cfe44c9:   4c 89 e7 e9 1d ff ff ff 0f 1f 80 00 00 00 00 4d
0x00007faf6cfe44d9:   89 e0 83 fb 04 0f 85 51 ff ff ff 40 80 fe 01 48
0x00007faf6cfe44e9:   19 c0 48 83 e0 fc 4d 8d 44 04 08 e9 3c ff ff ff
0x00007faf6cfe44f9:   0f 1f 80 00 00 00 00 3c 0f 0f 84 e6 fe ff ff 83
0x00007faf6cfe4509:   e8 40 3c 0f 0f 87 7d 01 00 00 4c 89 e7 41 0f b6
0x00007faf6cfe4519:   04 24 49 83 c4 01 3c 89 0f 84 d9 fe ff ff 76 d7
0x00007faf6cfe4529:   45 31 ed 3c 8b 0f 84 cf fe ff ff 3c c7 0f 85 54
0x00007faf6cfe4539:   01 00 00 41 bd 02 00 00 00 e9 bc fe ff ff 66 0f
0x00007faf6cfe4549:   1f 84 00 00 00 00 00 41 bd 01 00 00 00 e9 a8 fe
0x00007faf6cfe4559:   ff ff 0f 1f 44 00 00 83 fb 04 4c 8d 47 05 4d 0f
0x00007faf6cfe4569:   45 c4 48 83 c4 08 5b 41 5c 4c 89 c0 41 5d 5d c3
0x00007faf6cfe4579:   0f 1f 80 00 00 00 00 0f b6 47 01 83 e8 40 83 f8
0x00007faf6cfe4589:   10 48 83 d7 03 45 31 ed 49 89 fc e9 6a fe ff ff
0x00007faf6cfe4599:   0f 1f 80 00 00 00 00 80 f9 c4 0f 84 17 01 00 00 


Stack slot to memory mapping:
stack at sp + 0 slots: 0x0000000000000006 is an unknown value
stack at sp + 1 slots: 0x00007faf562158d3 is at entry_point+4243 in (nmethod*)0x00007faf56214590
Compiled method (c1)     386   64       3       java.util.HashMap::resize (358 bytes)
 total in heap  [0x00007faf56214590,0x00007faf562160c8] = 6968
 relocation     [0x00007faf562146f0,0x00007faf56214818] = 296
 constants      [0x00007faf56214820,0x00007faf56214840] = 32
 main code      [0x00007faf56214840,0x00007faf56215c40] = 5120
 stub code      [0x00007faf56215c40,0x00007faf56215c80] = 64
 metadata       [0x00007faf56215c80,0x00007faf56215c88] = 8
 scopes data    [0x00007faf56215c88,0x00007faf56215dd8] = 336
 scopes pcs     [0x00007faf56215dd8,0x00007faf56216028] = 592
 dependencies   [0x00007faf56216028,0x00007faf56216030] = 8
 nul chk table  [0x00007faf56216030,0x00007faf562160c8] = 152
stack at sp + 2 slots: 0x0 is NULL
stack at sp + 3 slots: 0x00007faf56215bc1 is at entry_point+4993 in (nmethod*)0x00007faf56214590
Compiled method (c1)     386   64       3       java.util.HashMap::resize (358 bytes)
 total in heap  [0x00007faf56214590,0x00007faf562160c8] = 6968
 relocation     [0x00007faf562146f0,0x00007faf56214818] = 296
 constants      [0x00007faf56214820,0x00007faf56214840] = 32
 main code      [0x00007faf56214840,0x00007faf56215c40] = 5120
 stub code      [0x00007faf56215c40,0x00007faf56215c80] = 64
 metadata       [0x00007faf56215c80,0x00007faf56215c88] = 8
 scopes data    [0x00007faf56215c88,0x00007faf56215dd8] = 336
 scopes pcs     [0x00007faf56215dd8,0x00007faf56216028] = 592
 dependencies   [0x00007faf56216028,0x00007faf56216030] = 8
 nul chk table  [0x00007faf56216030,0x00007faf562160c8] = 152
stack at sp + 4 slots: 0x00007faf50a11da0 is pointing into the stack for thread: 0x00007faf68163230
stack at sp + 5 slots: 0x00007faf6d8bc589: <offset 0x0000000000cbc589> in /home/cjcleverson/.vscode/extensions/redhat.java-1.28.1-linux-x64/jre/17.0.10-linux-x86_64/lib/server/libjvm.so at 0x00007faf6cc00000
stack at sp + 6 slots: 0x00007faf50a11eb0 is pointing into the stack for thread: 0x00007faf68163230
stack at sp + 7 slots: 0x00007faf50a12600 is pointing into the stack for thread: 0x00007faf68163230


---------------  P R O C E S S  ---------------

Threads class SMR info:
_java_thread_list=0x00007faf6816da80, length=9, elements={
0x00007faf68025b50, 0x00007faf68131390, 0x00007faf68132940, 0x00007faf6815bdd0,
0x00007faf6815f6e0, 0x00007faf681606b0, 0x00007faf68161d40, 0x00007faf68163230,
0x00007faf6816c6c0
}

Java Threads: ( => current thread )
  0x00007faf68025b50 JavaThread "main" [_thread_blocked, id=146768, stack(0x00007faf6ca1c000,0x00007faf6cb1c000)]
  0x00007faf68131390 JavaThread "Reference Handler" daemon [_thread_blocked, id=146775, stack(0x00007faf511ec000,0x00007faf512ec000)]
  0x00007faf68132940 JavaThread "Finalizer" daemon [_thread_blocked, id=146776, stack(0x00007faf510ec000,0x00007faf511ec000)]
  0x00007faf6815bdd0 JavaThread "Signal Dispatcher" daemon [_thread_blocked, id=146777, stack(0x00007faf50d14000,0x00007faf50e14000)]
  0x00007faf6815f6e0 JavaThread "Service Thread" daemon [_thread_blocked, id=146778, stack(0x00007faf50c14000,0x00007faf50d14000)]
  0x00007faf681606b0 JavaThread "Monitor Deflation Thread" daemon [_thread_blocked, id=146779, stack(0x00007faf50b14000,0x00007faf50c14000)]
  0x00007faf68161d40 JavaThread "C2 CompilerThread0" daemon [_thread_blocked, id=146780, stack(0x00007faf50a14000,0x00007faf50b14000)]
=>0x00007faf68163230 JavaThread "C1 CompilerThread0" daemon [_thread_in_vm, id=146781, stack(0x00007faf50914000,0x00007faf50a14000)]
  0x00007faf6816c6c0 JavaThread "Sweeper thread" daemon [_thread_blocked, id=146782, stack(0x00007faf50814000,0x00007faf50914000)]

Other Threads:
  0x00007faf680dd670 VMThread "VM Thread" [stack: 0x00007faf512ed000,0x00007faf513ed000] [id=146774]
  0x00007faf68080020 GCTaskThread "GC Thread#0" [stack: 0x00007faf67f00000,0x00007faf68000000] [id=146769]
  0x00007faf68090d50 ConcurrentGCThread "G1 Main Marker" [stack: 0x00007faf51b76000,0x00007faf51c76000] [id=146770]
  0x00007faf68091cc0 ConcurrentGCThread "G1 Conc#0" [stack: 0x00007faf51a75000,0x00007faf51b75000] [id=146771]
  0x00007faf680a9340 ConcurrentGCThread "G1 Refine#0" [stack: 0x00007faf51570000,0x00007faf51670000] [id=146772]
  0x00007faf680aa240 ConcurrentGCThread "G1 Service" [stack: 0x00007faf5146f000,0x00007faf5156f000] [id=146773]

Threads with active compile tasks:
C1 CompilerThread0      390   64       3       java.util.HashMap::resize (358 bytes)

VM state: not at safepoint (normal execution)

VM Mutex/Monitor currently owned by a thread:  ([mutex/lock_event])
[0x00007faf68021980] CodeCache_lock - owner thread: 0x00007faf68163230
[0x00007faf68023c40] Compile_lock - owner thread: 0x00007faf68163230
[0x00007faf68023e50] MethodCompileQueue_lock - owner thread: 0x00007faf68163230

Heap address: 0x0000000084600000, size: 1978 MB, Compressed Oops mode: 32-bit

CDS archive(s) not mapped
Compressed class space mapped at: 0x0000000100000000-0x0000000140000000, reserved size: 1073741824
Narrow klass base: 0x0000000000000000, Narrow klass shift: 3, Narrow klass range: 0x140000000

GC Precious Log:
 CPUs: 8 total, 4 available
 Memory: 7908M
 Large Page Support: Disabled
 NUMA Support: Disabled
 Compressed Oops: Enabled (32-bit)
 Heap Region Size: 1M
 Heap Min Capacity: 8M
 Heap Initial Capacity: 8M
 Heap Max Capacity: 1978M
 Pre-touch: Disabled
 Parallel Workers: 4
 Concurrent Workers: 1
 Concurrent Refinement Workers: 4
 Periodic GC: Disabled

Heap:
 garbage-first heap   total 8192K, used 0K [0x0000000084600000, 0x0000000100000000)
  region size 1024K, 1 young (1024K), 0 survivors (0K)
 Metaspace       used 2896K, committed 3008K, reserved 1114112K
  class space    used 260K, committed 320K, reserved 1048576K

Heap Regions: E=young(eden), S=young(survivor), O=old, HS=humongous(starts), HC=humongous(continues), CS=collection set, F=free, OA=open archive, CA=closed archive, TAMS=top-at-mark-start (previous, next)
|   0|0x0000000084600000, 0x0000000084600000, 0x0000000084700000|  0%| F|  |TAMS 0x0000000084600000, 0x0000000084600000| Untracked 
|   1|0x0000000084700000, 0x0000000084700000, 0x0000000084800000|  0%| F|  |TAMS 0x0000000084700000, 0x0000000084700000| Untracked 
|   2|0x0000000084800000, 0x0000000084800000, 0x0000000084900000|  0%| F|  |TAMS 0x0000000084800000, 0x0000000084800000| Untracked 
|   3|0x0000000084900000, 0x0000000084900000, 0x0000000084a00000|  0%| F|  |TAMS 0x0000000084900000, 0x0000000084900000| Untracked 
|   4|0x0000000084a00000, 0x0000000084a00000, 0x0000000084b00000|  0%| F|  |TAMS 0x0000000084a00000, 0x0000000084a00000| Untracked 
|   5|0x0000000084b00000, 0x0000000084b00000, 0x0000000084c00000|  0%| F|  |TAMS 0x0000000084b00000, 0x0000000084b00000| Untracked 
|   6|0x0000000084c00000, 0x0000000084c00000, 0x0000000084d00000|  0%| F|  |TAMS 0x0000000084c00000, 0x0000000084c00000| Untracked 
|   7|0x0000000084d00000, 0x0000000084d8e668, 0x0000000084e00000| 55%| E|  |TAMS 0x0000000084d00000, 0x0000000084d00000| Complete 

Card table byte_map: [0x00007faf55e23000,0x00007faf56200000] _byte_map_base: 0x00007faf55a00000

Marking Bits (Prev, Next): (CMBitMap*) 0x00007faf68080ab0, (CMBitMap*) 0x00007faf68080af0
 Prev Bits: [0x00007faf53b5e000, 0x00007faf55a46000)
 Next Bits: [0x00007faf51c76000, 0x00007faf53b5e000)

Polling page: 0x00007faf6e1e2000

Metaspace:

Usage:
  Non-class:      2,57 MB used.
      Class:    260,09 KB used.
       Both:      2,83 MB used.

Virtual space:
  Non-class space:       64,00 MB reserved,       2,62 MB (  4%) committed,  1 nodes.
      Class space:        1,00 GB reserved,     320,00 KB ( <1%) committed,  1 nodes.
             Both:        1,06 GB reserved,       2,94 MB ( <1%) committed. 

Chunk freelists:
   Non-Class:  12,00 MB
       Class:  15,62 MB
        Both:  27,62 MB

MaxMetaspaceSize: unlimited
CompressedClassSpaceSize: 1,00 GB
Initial GC threshold: 21,00 MB
Current GC threshold: 21,00 MB
CDS: off
MetaspaceReclaimPolicy: balanced
 - commit_granule_bytes: 65536.
 - commit_granule_words: 8192.
 - virtual_space_node_default_size: 8388608.
 - enlarge_chunks_in_place: 1.
 - new_chunks_are_fully_committed: 0.
 - uncommit_free_chunks: 1.
 - use_allocation_guard: 0.
 - handle_deallocations: 1.


Internal statistics:

num_allocs_failed_limit: 0.
num_arena_births: 2.
num_arena_deaths: 0.
num_vsnodes_births: 2.
num_vsnodes_deaths: 0.
num_space_committed: 47.
num_space_uncommitted: 0.
num_chunks_returned_to_freelist: 0.
num_chunks_taken_from_freelist: 4.
num_chunk_merges: 0.
num_chunk_splits: 2.
num_chunks_enlarged: 0.
num_inconsistent_stats: 0.

CodeHeap 'non-profiled nmethods': size=120032Kb used=8Kb max_used=8Kb free=120023Kb
 bounds [0x00007faf5dcc8000, 0x00007faf5df38000, 0x00007faf65200000]
CodeHeap 'profiled nmethods': size=120028Kb used=88Kb max_used=88Kb free=119939Kb
 bounds [0x00007faf56200000, 0x00007faf56470000, 0x00007faf5d737000]
CodeHeap 'non-nmethods': size=5700Kb used=1015Kb max_used=1029Kb free=4684Kb
 bounds [0x00007faf5d737000, 0x00007faf5d9a7000, 0x00007faf5dcc8000]
 total_blobs=333 nmethods=63 adapters=184
 compilation: enabled
              stopped_count=0, restarted_count=0
 full_count=0

Compilation events (20 events):
Event: 0,112 Thread 0x00007faf68163230 nmethod 54 0x00007faf5dcc9710 code [0x00007faf5dcc98a0, 0x00007faf5dcc9970]
Event: 0,112 Thread 0x00007faf68163230   55       3       java.lang.module.ModuleDescriptor$Exports::isQualified (18 bytes)
Event: 0,112 Thread 0x00007faf68163230 nmethod 55 0x00007faf56212790 code [0x00007faf56212940, 0x00007faf56212b60]
Event: 0,112 Thread 0x00007faf68163230   56       3       java.util.ImmutableCollections$SetN::isEmpty (13 bytes)
Event: 0,112 Thread 0x00007faf68163230 nmethod 56 0x00007faf56212c10 code [0x00007faf56212da0, 0x00007faf56212f10]
Event: 0,112 Thread 0x00007faf68163230   58       1       java.lang.module.ModuleDescriptor$Exports::targets (5 bytes)
Event: 0,112 Thread 0x00007faf68163230 nmethod 58 0x00007faf5dcc9a10 code [0x00007faf5dcc9ba0, 0x00007faf5dcc9c70]
Event: 0,112 Thread 0x00007faf68163230   57       1       java.util.ImmutableCollections$Set12::isEmpty (2 bytes)
Event: 0,112 Thread 0x00007faf68163230 nmethod 57 0x00007faf5dcc9d10 code [0x00007faf5dcc9ea0, 0x00007faf5dcc9f70]
Event: 0,112 Thread 0x00007faf68163230   59       3       java.util.HashMap::putIfAbsent (13 bytes)
Event: 0,112 Thread 0x00007faf68163230 nmethod 59 0x00007faf56212f90 code [0x00007faf56213160, 0x00007faf56213450]
Event: 0,112 Thread 0x00007faf68163230   60       3       java.util.ImmutableCollections$Set12::contains (28 bytes)
Event: 0,113 Thread 0x00007faf68163230 nmethod 60 0x00007faf56213590 code [0x00007faf56213760, 0x00007faf56213a90]
Event: 0,113 Thread 0x00007faf68163230   61       3       java.util.ImmutableCollections$SetN::contains (26 bytes)
Event: 0,113 Thread 0x00007faf68163230 nmethod 61 0x00007faf56213b90 code [0x00007faf56213d60, 0x00007faf56214090]
Event: 0,113 Thread 0x00007faf68163230   62       3       java.util.HashMap::containsKey (14 bytes)
Event: 0,113 Thread 0x00007faf68163230 nmethod 62 0x00007faf56214190 code [0x00007faf56214340, 0x00007faf562144e0]
Event: 0,113 Thread 0x00007faf68161d40   63       4       java.util.HashMap::afterNodeInsertion (1 bytes)
Event: 0,113 Thread 0x00007faf68163230   64       3       java.util.HashMap::resize (358 bytes)
Event: 0,113 Thread 0x00007faf68161d40 nmethod 63 0x00007faf5dcca010 code [0x00007faf5dcca180, 0x00007faf5dcca1f8]

GC Heap History (0 events):
No events

Dll operation events (1 events):
Event: 0,005 Loaded shared library /home/cjcleverson/.vscode/extensions/redhat.java-1.28.1-linux-x64/jre/17.0.10-linux-x86_64/lib/libjava.so

Deoptimization events (0 events):
No events

Classes unloaded (0 events):
No events

Classes redefined (0 events):
No events

Internal exceptions (0 events):
No events

VM Operations (2 events):
Event: 0,107 Executing VM operation: HandshakeAllThreads
Event: 0,107 Executing VM operation: HandshakeAllThreads done

Events (20 events):
Event: 0,104 loading class java/lang/ModuleLayer
Event: 0,104 loading class java/lang/ModuleLayer done
Event: 0,105 loading class java/util/HashMap$Values
Event: 0,105 loading class java/util/HashMap$Values done
Event: 0,105 loading class java/util/HashMap$ValueIterator
Event: 0,105 loading class java/util/HashMap$ValueIterator done
Event: 0,106 loading class java/util/LinkedHashSet
Event: 0,106 loading class java/util/LinkedHashSet done
Event: 0,106 loading class java/util/LinkedHashMap
Event: 0,107 loading class java/util/LinkedHashMap done
Event: 0,108 loading class java/util/Collections$UnmodifiableSet
Event: 0,108 loading class java/util/Collections$UnmodifiableCollection
Event: 0,108 loading class java/util/Collections$UnmodifiableCollection done
Event: 0,108 loading class java/util/Collections$UnmodifiableSet done
Event: 0,108 loading class java/util/Collections$UnmodifiableCollection$1
Event: 0,108 loading class java/util/Collections$UnmodifiableCollection$1 done
Event: 0,109 loading class java/lang/module/ResolvedModule
Event: 0,109 loading class java/lang/module/ResolvedModule done
Event: 0,110 loading class java/util/ArrayList$Itr
Event: 0,110 loading class java/util/ArrayList$Itr done


Dynamic libraries:
84600000-84e00000 rw-p 00000000 00:00 0 
84e00000-100020000 ---p 00000000 00:00 0 
100020000-100030000 rw-p 00000000 00:00 0 
100030000-100040000 ---p 00000000 00:00 0 
100040000-100080000 rw-p 00000000 00:00 0 
100080000-140000000 ---p 00000000 00:00 0 
55e240ca8000-55e240ca9000 r--p 00000000 00:20 3679218                    /home/cjcleverson/.vscode/extensions/redhat.java-1.28.1-linux-x64/jre/17.0.10-linux-x86_64/bin/jcmd
55e240ca9000-55e240caa000 r-xp 00001000 00:20 3679218                    /home/cjcleverson/.vscode/extensions/redhat.java-1.28.1-linux-x64/jre/17.0.10-linux-x86_64/bin/jcmd
55e240caa000-55e240cab000 r--p 00002000 00:20 3679218                    /home/cjcleverson/.vscode/extensions/redhat.java-1.28.1-linux-x64/jre/17.0.10-linux-x86_64/bin/jcmd
55e240cab000-55e240cac000 r--p 00002000 00:20 3679218                    /home/cjcleverson/.vscode/extensions/redhat.java-1.28.1-linux-x64/jre/17.0.10-linux-x86_64/bin/jcmd
55e240cac000-55e240cad000 rw-p 00003000 00:20 3679218                    /home/cjcleverson/.vscode/extensions/redhat.java-1.28.1-linux-x64/jre/17.0.10-linux-x86_64/bin/jcmd
55e241de1000-55e241e29000 rw-p 00000000 00:00 0                          [heap]
7faf10000000-7faf10046000 rw-p 00000000 00:00 0 
7faf10046000-7faf14000000 ---p 00000000 00:00 0 
7faf14000000-7faf14021000 rw-p 00000000 00:00 0 
7faf14021000-7faf18000000 ---p 00000000 00:00 0 
7faf18000000-7faf18021000 rw-p 00000000 00:00 0 
7faf18021000-7faf1c000000 ---p 00000000 00:00 0 
7faf1c000000-7faf1c087000 rw-p 00000000 00:00 0 
7faf1c087000-7faf20000000 ---p 00000000 00:00 0 
7faf20000000-7faf20021000 rw-p 00000000 00:00 0 
7faf20021000-7faf24000000 ---p 00000000 00:00 0 
7faf24000000-7faf24021000 rw-p 00000000 00:00 0 
7faf24021000-7faf28000000 ---p 00000000 00:00 0 
7faf28000000-7faf28021000 rw-p 00000000 00:00 0 
7faf28021000-7faf2c000000 ---p 00000000 00:00 0 
7faf2c000000-7faf2c021000 rw-p 00000000 00:00 0 
7faf2c021000-7faf30000000 ---p 00000000 00:00 0 
7faf30000000-7faf30021000 rw-p 00000000 00:00 0 
7faf30021000-7faf34000000 ---p 00000000 00:00 0 
7faf34000000-7faf34021000 rw-p 00000000 00:00 0 
7faf34021000-7faf38000000 ---p 00000000 00:00 0 
7faf38000000-7faf382a0000 rw-p 00000000 00:00 0 
7faf382a0000-7faf3c000000 ---p 00000000 00:00 0 
7faf3c000000-7faf3c021000 rw-p 00000000 00:00 0 
7faf3c021000-7faf40000000 ---p 00000000 00:00 0 
7faf42000000-7faf44000000 rw-p 00000000 00:00 0 
7faf44000000-7faf44021000 rw-p 00000000 00:00 0 
7faf44021000-7faf48000000 ---p 00000000 00:00 0 
7faf48000000-7faf48021000 rw-p 00000000 00:00 0 
7faf48021000-7faf4c000000 ---p 00000000 00:00 0 
7faf4c000000-7faf4c021000 rw-p 00000000 00:00 0 
7faf4c021000-7faf50000000 ---p 00000000 00:00 0 
7faf5042d000-7faf50814000 rw-p 00000000 00:00 0 
7faf50814000-7faf50818000 ---p 00000000 00:00 0 
7faf50818000-7faf50914000 rw-p 00000000 00:00 0 
7faf50914000-7faf50918000 ---p 00000000 00:00 0 
7faf50918000-7faf50a14000 rw-p 00000000 00:00 0 
7faf50a14000-7faf50a18000 ---p 00000000 00:00 0 
7faf50a18000-7faf50b14000 rw-p 00000000 00:00 0 
7faf50b14000-7faf50b18000 ---p 00000000 00:00 0 
7faf50b18000-7faf50c14000 rw-p 00000000 00:00 0 
7faf50c14000-7faf50c18000 ---p 00000000 00:00 0 
7faf50c18000-7faf50d14000 rw-p 00000000 00:00 0 
7faf50d14000-7faf50d18000 ---p 00000000 00:00 0 
7faf50d18000-7faf50e14000 rw-p 00000000 00:00 0 
7faf50e14000-7faf50e68000 r--p 00000000 07:0f 187                        /var/lib/snapd/snap/code/155/usr/lib/locale/aa_DJ.utf8/LC_CTYPE
7faf50e6c000-7faf50e6d000 r--p 00000000 07:0f 278                        /var/lib/snapd/snap/code/155/usr/lib/locale/agr_PE/LC_NUMERIC
7faf50e74000-7faf510ec000 r--p 00000000 07:0f 186                        /var/lib/snapd/snap/code/155/usr/lib/locale/aa_DJ.utf8/LC_COLLATE
7faf510ec000-7faf510f0000 ---p 00000000 00:00 0 
7faf510f0000-7faf511ec000 rw-p 00000000 00:00 0 
7faf511ec000-7faf511f0000 ---p 00000000 00:00 0 
7faf511f0000-7faf512ec000 rw-p 00000000 00:00 0 
7faf512ec000-7faf512ed000 ---p 00000000 00:00 0 
7faf512ed000-7faf5146e000 rw-p 00000000 00:00 0 
7faf5146e000-7faf5146f000 ---p 00000000 00:00 0 
7faf5146f000-7faf5156f000 rw-p 00000000 00:00 0 
7faf5156f000-7faf51570000 ---p 00000000 00:00 0 
7faf51570000-7faf51a74000 rw-p 00000000 00:00 0 
7faf51a74000-7faf51a75000 ---p 00000000 00:00 0 
7faf51a75000-7faf51b75000 rw-p 00000000 00:00 0 
7faf51b75000-7faf51b76000 ---p 00000000 00:00 0 
7faf51b76000-7faf51c96000 rw-p 00000000 00:00 0 
7faf51c96000-7faf53b5e000 ---p 00000000 00:00 0 
7faf53b5e000-7faf53b7e000 rw-p 00000000 00:00 0 
7faf53b7e000-7faf55a46000 ---p 00000000 00:00 0 
7faf55a46000-7faf55a4a000 rw-p 00000000 00:00 0 
7faf55a4a000-7faf55e23000 ---p 00000000 00:00 0 
7faf55e23000-7faf55e27000 rw-p 00000000 00:00 0 
7faf55e27000-7faf56200000 ---p 00000000 00:00 0 
7faf56200000-7faf56470000 rwxp 00000000 00:00 0 
7faf56470000-7faf5d737000 ---p 00000000 00:00 0 
7faf5d737000-7faf5d9a7000 rwxp 00000000 00:00 0 
7faf5d9a7000-7faf5dcc8000 ---p 00000000 00:00 0 
7faf5dcc8000-7faf5df38000 rwxp 00000000 00:00 0 
7faf5df38000-7faf65200000 ---p 00000000 00:00 0 
7faf65200000-7faf67e27000 r--s 00000000 00:20 3679624                    /home/cjcleverson/.vscode/extensions/redhat.java-1.28.1-linux-x64/jre/17.0.10-linux-x86_64/lib/modules
7faf67e2c000-7faf67e2d000 r--p 00000000 07:0f 5475                       /var/lib/snapd/snap/code/155/usr/lib/locale/pt_BR.utf8/LC_TIME
7faf67e34000-7faf67e35000 r--p 00000000 07:0f 5470                       /var/lib/snapd/snap/code/155/usr/lib/locale/pt_BR.utf8/LC_MONETARY
7faf67e3c000-7faf67e3d000 r--p 00000000 07:0f 5469                       /var/lib/snapd/snap/code/155/usr/lib/locale/pt_BR.utf8/LC_MESSAGES/SYS_LC_MESSAGES
7faf67e44000-7faf67e46000 r--p 00000000 00:20 3679623                    /home/cjcleverson/.vscode/extensions/redhat.java-1.28.1-linux-x64/jre/17.0.10-linux-x86_64/lib/libzip.so
7faf67e46000-7faf67e58000 r-xp 00002000 00:20 3679623                    /home/cjcleverson/.vscode/extensions/redhat.java-1.28.1-linux-x64/jre/17.0.10-linux-x86_64/lib/libzip.so
7faf67e58000-7faf67e60000 r--p 00014000 00:20 3679623                    /home/cjcleverson/.vscode/extensions/redhat.java-1.28.1-linux-x64/jre/17.0.10-linux-x86_64/lib/libzip.so
7faf67e60000-7faf67e61000 r--p 0001b000 00:20 3679623                    /home/cjcleverson/.vscode/extensions/redhat.java-1.28.1-linux-x64/jre/17.0.10-linux-x86_64/lib/libzip.so
7faf67e61000-7faf67e62000 rw-p 0001c000 00:20 3679623                    /home/cjcleverson/.vscode/extensions/redhat.java-1.28.1-linux-x64/jre/17.0.10-linux-x86_64/lib/libzip.so
7faf67e63000-7faf67eff000 rw-p 00000000 00:00 0 
7faf67eff000-7faf67f00000 ---p 00000000 00:00 0 
7faf67f00000-7faf68000000 rw-p 00000000 00:00 0 
7faf68000000-7faf681b0000 rw-p 00000000 00:00 0 
7faf681b0000-7faf6c000000 ---p 00000000 00:00 0 
7faf6c004000-7faf6c005000 r--p 00000000 07:0f 195                        /var/lib/snapd/snap/code/155/usr/lib/locale/aa_DJ.utf8/LC_PAPER
7faf6c00c000-7faf6c00d000 r--p 00000000 07:0f 277                        /var/lib/snapd/snap/code/155/usr/lib/locale/agr_PE/LC_NAME
7faf6c014000-7faf6c015000 r--p 00000000 07:0f 5463                       /var/lib/snapd/snap/code/155/usr/lib/locale/pt_BR.utf8/LC_ADDRESS
7faf6c01c000-7faf6c01d000 r--p 00000000 07:0f 5474                       /var/lib/snapd/snap/code/155/usr/lib/locale/pt_BR.utf8/LC_TELEPHONE
7faf6c023000-7faf6c069000 rw-p 00000000 00:00 0 
7faf6c069000-7faf6c442000 ---p 00000000 00:00 0 
7faf6c442000-7faf6c84b000 rw-p 00000000 00:00 0 
7faf6c84b000-7faf6c931000 ---p 00000000 00:00 0 
7faf6c931000-7faf6c936000 rw-p 00000000 00:00 0 
7faf6c936000-7faf6ca1c000 ---p 00000000 00:00 0 
7faf6ca1c000-7faf6ca20000 ---p 00000000 00:00 0 
7faf6ca20000-7faf6cb1c000 rw-p 00000000 00:00 0 
7faf6cb1c000-7faf6cb2c000 r--p 00000000 00:20 2940812                    /usr/lib64/libm.so.6
7faf6cb2c000-7faf6cba0000 r-xp 00010000 00:20 2940812                    /usr/lib64/libm.so.6
7faf6cba0000-7faf6cbfa000 r--p 00084000 00:20 2940812                    /usr/lib64/libm.so.6
7faf6cbfa000-7faf6cbfb000 r--p 000dd000 00:20 2940812                    /usr/lib64/libm.so.6
7faf6cbfb000-7faf6cbfc000 rw-p 000de000 00:20 2940812                    /usr/lib64/libm.so.6
7faf6cc00000-7faf6ce53000 r--p 00000000 00:20 3679639                    /home/cjcleverson/.vscode/extensions/redhat.java-1.28.1-linux-x64/jre/17.0.10-linux-x86_64/lib/server/libjvm.so
7faf6ce53000-7faf6db72000 r-xp 00253000 00:20 3679639                    /home/cjcleverson/.vscode/extensions/redhat.java-1.28.1-linux-x64/jre/17.0.10-linux-x86_64/lib/server/libjvm.so
7faf6db72000-7faf6ddfe000 r--p 00f72000 00:20 3679639                    /home/cjcleverson/.vscode/extensions/redhat.java-1.28.1-linux-x64/jre/17.0.10-linux-x86_64/lib/server/libjvm.so
7faf6ddfe000-7faf6ddff000 ---p 011fe000 00:20 3679639                    /home/cjcleverson/.vscode/extensions/redhat.java-1.28.1-linux-x64/jre/17.0.10-linux-x86_64/lib/server/libjvm.so
7faf6ddff000-7faf6deb8000 r--p 011fe000 00:20 3679639                    /home/cjcleverson/.vscode/extensions/redhat.java-1.28.1-linux-x64/jre/17.0.10-linux-x86_64/lib/server/libjvm.so
7faf6deb8000-7faf6deed000 rw-p 012b7000 00:20 3679639                    /home/cjcleverson/.vscode/extensions/redhat.java-1.28.1-linux-x64/jre/17.0.10-linux-x86_64/lib/server/libjvm.so
7faf6deed000-7faf6df47000 rw-p 00000000 00:00 0 
7faf6df4c000-7faf6df4d000 r--p 00000000 07:0f 189                        /var/lib/snapd/snap/code/155/usr/lib/locale/aa_DJ.utf8/LC_MEASUREMENT
7faf6df54000-7faf6df5b000 r--s 00000000 00:20 2940875                    /usr/lib64/gconv/gconv-modules.cache
7faf6df60000-7faf6df65000 rw-p 00000000 00:00 0 
7faf6df65000-7faf6df6c000 ---p 00000000 00:00 0 
7faf6df6c000-7faf6df7a000 r--p 00000000 00:20 3679602                    /home/cjcleverson/.vscode/extensions/redhat.java-1.28.1-linux-x64/jre/17.0.10-linux-x86_64/lib/libjava.so
7faf6df7a000-7faf6df8c000 r-xp 0000e000 00:20 3679602                    /home/cjcleverson/.vscode/extensions/redhat.java-1.28.1-linux-x64/jre/17.0.10-linux-x86_64/lib/libjava.so
7faf6df8c000-7faf6df92000 r--p 00020000 00:20 3679602                    /home/cjcleverson/.vscode/extensions/redhat.java-1.28.1-linux-x64/jre/17.0.10-linux-x86_64/lib/libjava.so
7faf6df92000-7faf6df93000 ---p 00026000 00:20 3679602                    /home/cjcleverson/.vscode/extensions/redhat.java-1.28.1-linux-x64/jre/17.0.10-linux-x86_64/lib/libjava.so
7faf6df93000-7faf6df94000 r--p 00026000 00:20 3679602                    /home/cjcleverson/.vscode/extensions/redhat.java-1.28.1-linux-x64/jre/17.0.10-linux-x86_64/lib/libjava.so
7faf6df94000-7faf6df95000 rw-p 00027000 00:20 3679602                    /home/cjcleverson/.vscode/extensions/redhat.java-1.28.1-linux-x64/jre/17.0.10-linux-x86_64/lib/libjava.so
7faf6df95000-7faf6df96000 rw-p 00000000 00:00 0 
7faf6df9c000-7faf6dfa0000 r--p 00000000 00:20 3679606                    /home/cjcleverson/.vscode/extensions/redhat.java-1.28.1-linux-x64/jre/17.0.10-linux-x86_64/lib/libjimage.so
7faf6dfa0000-7faf6dfb3000 r-xp 00004000 00:20 3679606                    /home/cjcleverson/.vscode/extensions/redhat.java-1.28.1-linux-x64/jre/17.0.10-linux-x86_64/lib/libjimage.so
7faf6dfb3000-7faf6dfb9000 r--p 00017000 00:20 3679606                    /home/cjcleverson/.vscode/extensions/redhat.java-1.28.1-linux-x64/jre/17.0.10-linux-x86_64/lib/libjimage.so
7faf6dfb9000-7faf6dfbb000 r--p 0001c000 00:20 3679606                    /home/cjcleverson/.vscode/extensions/redhat.java-1.28.1-linux-x64/jre/17.0.10-linux-x86_64/lib/libjimage.so
7faf6dfbb000-7faf6dfbc000 rw-p 0001e000 00:20 3679606                    /home/cjcleverson/.vscode/extensions/redhat.java-1.28.1-linux-x64/jre/17.0.10-linux-x86_64/lib/libjimage.so
7faf6dfbc000-7faf6dfe2000 r--p 00000000 00:20 2940809                    /usr/lib64/libc.so.6
7faf6dfe2000-7faf6e138000 r-xp 00026000 00:20 2940809                    /usr/lib64/libc.so.6
7faf6e138000-7faf6e18b000 r--p 0017c000 00:20 2940809                    /usr/lib64/libc.so.6
7faf6e18b000-7faf6e18f000 r--p 001ce000 00:20 2940809                    /usr/lib64/libc.so.6
7faf6e18f000-7faf6e191000 rw-p 001d2000 00:20 2940809                    /usr/lib64/libc.so.6
7faf6e191000-7faf6e199000 rw-p 00000000 00:00 0 
7faf6e19c000-7faf6e19d000 r--p 00000000 00:20 2940811                    /usr/lib64/libdl.so.2
7faf6e19d000-7faf6e19e000 r-xp 00001000 00:20 2940811                    /usr/lib64/libdl.so.2
7faf6e19e000-7faf6e19f000 r--p 00002000 00:20 2940811                    /usr/lib64/libdl.so.2
7faf6e19f000-7faf6e1a0000 r--p 00002000 00:20 2940811                    /usr/lib64/libdl.so.2
7faf6e1a0000-7faf6e1a1000 rw-p 00003000 00:20 2940811                    /usr/lib64/libdl.so.2
7faf6e1a4000-7faf6e1a5000 r--p 00000000 00:20 2940817                    /usr/lib64/libpthread.so.0
7faf6e1a5000-7faf6e1a6000 r-xp 00001000 00:20 2940817                    /usr/lib64/libpthread.so.0
7faf6e1a6000-7faf6e1a7000 r--p 00002000 00:20 2940817                    /usr/lib64/libpthread.so.0
7faf6e1a7000-7faf6e1a8000 r--p 00002000 00:20 2940817                    /usr/lib64/libpthread.so.0
7faf6e1a8000-7faf6e1a9000 rw-p 00003000 00:20 2940817                    /usr/lib64/libpthread.so.0
7faf6e1ac000-7faf6e1ad000 r--p 00000000 07:0f 5466                       /var/lib/snapd/snap/code/155/usr/lib/locale/pt_BR.utf8/LC_IDENTIFICATION
7faf6e1b4000-7faf6e1bc000 rw-s 00000000 00:25 9452                       /tmp/hsperfdata_cjcleverson/146767
7faf6e1bc000-7faf6e1bd000 r--p 00000000 00:20 2940819                    /usr/lib64/librt.so.1
7faf6e1bd000-7faf6e1be000 r-xp 00001000 00:20 2940819                    /usr/lib64/librt.so.1
7faf6e1be000-7faf6e1bf000 r--p 00002000 00:20 2940819                    /usr/lib64/librt.so.1
7faf6e1bf000-7faf6e1c0000 r--p 00002000 00:20 2940819                    /usr/lib64/librt.so.1
7faf6e1c0000-7faf6e1c1000 rw-p 00003000 00:20 2940819                    /usr/lib64/librt.so.1
7faf6e1c4000-7faf6e1c7000 r--p 00000000 00:20 3679607                    /home/cjcleverson/.vscode/extensions/redhat.java-1.28.1-linux-x64/jre/17.0.10-linux-x86_64/lib/libjli.so
7faf6e1c7000-7faf6e1d7000 r-xp 00003000 00:20 3679607                    /home/cjcleverson/.vscode/extensions/redhat.java-1.28.1-linux-x64/jre/17.0.10-linux-x86_64/lib/libjli.so
7faf6e1d7000-7faf6e1de000 r--p 00013000 00:20 3679607                    /home/cjcleverson/.vscode/extensions/redhat.java-1.28.1-linux-x64/jre/17.0.10-linux-x86_64/lib/libjli.so
7faf6e1de000-7faf6e1df000 r--p 00019000 00:20 3679607                    /home/cjcleverson/.vscode/extensions/redhat.java-1.28.1-linux-x64/jre/17.0.10-linux-x86_64/lib/libjli.so
7faf6e1df000-7faf6e1e0000 rw-p 0001a000 00:20 3679607                    /home/cjcleverson/.vscode/extensions/redhat.java-1.28.1-linux-x64/jre/17.0.10-linux-x86_64/lib/libjli.so
7faf6e1e2000-7faf6e1e3000 ---p 00000000 00:00 0 
7faf6e1e3000-7faf6e1e4000 r--p 00000000 00:00 0 
7faf6e1e4000-7faf6e1e5000 r--p 00000000 00:20 2940806                    /usr/lib64/ld-linux-x86-64.so.2
7faf6e1e5000-7faf6e20b000 r-xp 00001000 00:20 2940806                    /usr/lib64/ld-linux-x86-64.so.2
7faf6e20b000-7faf6e215000 r--p 00027000 00:20 2940806                    /usr/lib64/ld-linux-x86-64.so.2
7faf6e216000-7faf6e218000 r--p 00031000 00:20 2940806                    /usr/lib64/ld-linux-x86-64.so.2
7faf6e218000-7faf6e21a000 rw-p 00033000 00:20 2940806                    /usr/lib64/ld-linux-x86-64.so.2
7faf6e21a000-7faf6e21b000 rwxp 00000000 00:00 0 
7faf6e21b000-7faf6e21f000 rw-p 00000000 00:00 0 
7fff3fb36000-7fff3fb58000 rw-p 00000000 00:00 0                          [stack]
7fff3fb84000-7fff3fb88000 r--p 00000000 00:00 0                          [vvar]
7fff3fb88000-7fff3fb8a000 r-xp 00000000 00:00 0                          [vdso]
ffffffffff600000-ffffffffff601000 --xp 00000000 00:00 0                  [vsyscall]


VM Arguments:
jvm_args: -Dapplication.home=/home/cjcleverson/.vscode/extensions/redhat.java-1.28.1-linux-x64/jre/17.0.10-linux-x86_64 -Xms8m -Djdk.module.main=jdk.jcmd 
java_command: jdk.jcmd/sun.tools.jcmd.JCmd 114901 VM.uptime
java_class_path (initial): <not set>
Launcher Type: SUN_STANDARD

[Global flags]
     intx CICompilerCount                          = 3                                         {product} {ergonomic}
     uint ConcGCThreads                            = 1                                         {product} {ergonomic}
     uint G1ConcRefinementThreads                  = 4                                         {product} {ergonomic}
   size_t G1HeapRegionSize                         = 1048576                                   {product} {ergonomic}
    uintx GCDrainStackTargetSize                   = 64                                        {product} {ergonomic}
   size_t InitialHeapSize                          = 8388608                                   {product} {command line}
   size_t MarkStackSize                            = 4194304                                   {product} {ergonomic}
   size_t MaxHeapSize                              = 2074083328                                {product} {ergonomic}
   size_t MaxNewSize                               = 1243611136                                {product} {ergonomic}
   size_t MinHeapDeltaBytes                        = 1048576                                   {product} {ergonomic}
   size_t MinHeapSize                              = 8388608                                   {product} {command line}
    uintx NonNMethodCodeHeapSize                   = 5832780                                {pd product} {ergonomic}
    uintx NonProfiledCodeHeapSize                  = 122912730                              {pd product} {ergonomic}
    uintx ProfiledCodeHeapSize                     = 122912730                              {pd product} {ergonomic}
    uintx ReservedCodeCacheSize                    = 251658240                              {pd product} {ergonomic}
     bool SegmentedCodeCache                       = true                                      {product} {ergonomic}
   size_t SoftMaxHeapSize                          = 2074083328                             {manageable} {ergonomic}
     bool UseCompressedClassPointers               = true                           {product lp64_product} {ergonomic}
     bool UseCompressedOops                        = true                           {product lp64_product} {ergonomic}
     bool UseG1GC                                  = true                                      {product} {ergonomic}

Logging:
Log output configuration:
 #0: stdout all=warning uptime,level,tags
 #1: stderr all=off uptime,level,tags

Environment Variables:
JAVA_HOME=/usr/java/jdk-17.0.1/
PATH=/home/cjcleverson/.local/bin:/home/cjcleverson/bin:/usr/local/bin:/usr/local/sbin:/usr/bin:/usr/sbin:/var/lib/snapd/snap/bin:/opt/maven/bin:/usr/java/jdk-17.0.1/bin/:/opt/maven/bin
USERNAME=cjcleverson
SHELL=/bin/bash
DISPLAY=:0
LANG=pt_BR.UTF-8
TERM=xterm-256color

Active Locale:
LC_ALL=pt_BR.UTF-8
LC_COLLATE=pt_BR.UTF-8
LC_CTYPE=pt_BR.UTF-8
LC_MESSAGES=pt_BR.UTF-8
LC_MONETARY=pt_BR.UTF-8
LC_NUMERIC=pt_BR.UTF-8
LC_TIME=pt_BR.UTF-8

Signal Handlers:
   SIGSEGV: crash_handler in libjvm.so, mask=11100100010111111101111111111110, flags=SA_RESTART|SA_SIGINFO, unblocked
    SIGBUS: crash_handler in libjvm.so, mask=11100100010111111101111111111110, flags=SA_RESTART|SA_SIGINFO, unblocked
    SIGFPE: crash_handler in libjvm.so, mask=11100100010111111101111111111110, flags=SA_RESTART|SA_SIGINFO, unblocked
   SIGPIPE: javaSignalHandler in libjvm.so, mask=11100100010111111101111111111110, flags=SA_RESTART|SA_SIGINFO, unblocked
   SIGXFSZ: javaSignalHandler in libjvm.so, mask=11100100010111111101111111111110, flags=SA_RESTART|SA_SIGINFO, unblocked
    SIGILL: crash_handler in libjvm.so, mask=11100100010111111101111111111110, flags=SA_RESTART|SA_SIGINFO, unblocked
   SIGUSR2: SR_handler in libjvm.so, mask=00000000000000000000000000000000, flags=SA_RESTART|SA_SIGINFO, unblocked
    SIGHUP: UserHandler in libjvm.so, mask=11100100010111111101111111111110, flags=SA_RESTART|SA_SIGINFO, unblocked
    SIGINT: UserHandler in libjvm.so, mask=11100100010111111101111111111110, flags=SA_RESTART|SA_SIGINFO, unblocked
   SIGTERM: UserHandler in libjvm.so, mask=11100100010111111101111111111110, flags=SA_RESTART|SA_SIGINFO, unblocked
   SIGQUIT: UserHandler in libjvm.so, mask=11100100010111111101111111111110, flags=SA_RESTART|SA_SIGINFO, blocked
   SIGTRAP: crash_handler in libjvm.so, mask=11100100010111111101111111111110, flags=SA_RESTART|SA_SIGINFO, unblocked


Periodic native trim disabled


---------------  S Y S T E M  ---------------

OS:
Fedora release 37 (Thirty Seven)
uname: Linux 6.5.5-100.fc37.x86_64 #1 SMP PREEMPT_DYNAMIC Sat Sep 23 22:53:27 UTC 2023 x86_64
OS uptime: 5 days 3:11 hours
libc: glibc 2.36 NPTL 2.36 
rlimit (soft/hard): STACK 8192k/infinity , CORE infinity/infinity , NPROC 31373/31373 , NOFILE 1048576/1048576 , AS infinity/infinity , CPU infinity/infinity , DATA infinity/infinity , FSIZE infinity/infinity , MEMLOCK 8192k/8192k
load average: 0,07 0,33 0,82

/proc/meminfo:
MemTotal:        8098544 kB
MemFree:          581680 kB
MemAvailable:    2170772 kB
Buffers:            1104 kB
Cached:          1583476 kB
SwapCached:         8940 kB
Active:          3512620 kB
Inactive:        2013628 kB
Active(anon):    2928216 kB
Inactive(anon):  1126228 kB
Active(file):     584404 kB
Inactive(file):   887400 kB
Unevictable:        5684 kB
Mlocked:            5684 kB
SwapTotal:       8097788 kB
SwapFree:        5929344 kB
Zswap:                 0 kB
Zswapped:              0 kB
Dirty:               540 kB
Writeback:             0 kB
AnonPages:       3940084 kB
Mapped:           647000 kB
Shmem:            107712 kB
KReclaimable:     425412 kB
Slab:             678952 kB
SReclaimable:     425412 kB
SUnreclaim:       253540 kB
KernelStack:       20828 kB
PageTables:        65020 kB
SecPageTables:         0 kB
NFS_Unstable:          0 kB
Bounce:                0 kB
WritebackTmp:          0 kB
CommitLimit:    12147060 kB
Committed_AS:   15759976 kB
VmallocTotal:   34359738367 kB
VmallocUsed:      126696 kB
VmallocChunk:          0 kB
Percpu:             9824 kB
HardwareCorrupted:     0 kB
AnonHugePages:         0 kB
ShmemHugePages:        0 kB
ShmemPmdMapped:        0 kB
FileHugePages:         0 kB
FilePmdMapped:         0 kB
CmaTotal:              0 kB
CmaFree:               0 kB
Unaccepted:            0 kB
HugePages_Total:       0
HugePages_Free:        0
HugePages_Rsvd:        0
HugePages_Surp:        0
Hugepagesize:       2048 kB
Hugetlb:               0 kB
DirectMap4k:     7469568 kB
DirectMap2M:      901120 kB
DirectMap1G:           0 kB

/sys/kernel/mm/transparent_hugepage/enabled: always [madvise] never
/sys/kernel/mm/transparent_hugepage/defrag (defrag/compaction efforts parameter): always defer defer+madvise [madvise] never

Process Memory:
Virtual Size: 4579268K (peak: 4579268K)
Resident Set Size: 34944K (peak: 34944K) (anon: 13312K, file: 21632K, shmem: 0K)
Swapped out: 0K
C-Heap outstanding allocations: 16082K, retained: 1713K
glibc malloc tunables: (default)

/proc/sys/kernel/threads-max (system-wide limit on the number of threads): 62746
/proc/sys/vm/max_map_count (maximum number of memory map areas a process may have): 65530
/proc/sys/kernel/pid_max (system-wide limit on number of process identifiers): 4194304

container (cgroup) information:
container_type: cgroupv2
cpu_cpuset_cpus: not supported
cpu_memory_nodes: not supported
active_processor_count: 4
cpu_quota: no quota
cpu_period: 100000
cpu_shares: no shares
memory_limit_in_bytes: unlimited
memory_and_swap_limit_in_bytes: unlimited
memory_soft_limit_in_bytes: unlimited
memory_usage_in_bytes: 3048668 k
memory_max_usage_in_bytes: not supported
memory_swap_current_in_bytes: 302128 k
memory_swap_max_limit_in_bytes: unlimited
maximum number of tasks: 9411
current number of tasks: 387

Steal ticks since vm start: 0
Steal ticks percentage since vm start:  0,000

CPU: total 8 (initial active 4) (4 cores per cpu, 1 threads per core) family 21 model 1 stepping 2 microcode 0x600063e, cx8, cmov, fxsr, mmx, 3dnowpref, sse, sse2, sse3, ssse3, sse4a, sse4.1, sse4.2, popcnt, lzcnt, tsc, tscinvbit, avx, aes, clmul, vzeroupper, clflush
CPU Model and flags from /proc/cpuinfo:
model name	: AMD FX(tm)-4100 Quad-Core Processor
flags		: fpu vme de pse tsc msr pae mce cx8 apic sep mtrr pge mca cmov pat pse36 clflush mmx fxsr sse sse2 ht syscall nx mmxext fxsr_opt pdpe1gb rdtscp lm constant_tsc rep_good nopl nonstop_tsc cpuid extd_apicid aperfmperf pni pclmulqdq monitor ssse3 cx16 sse4_1 sse4_2 popcnt aes xsave avx lahf_lm cmp_legacy svm extapic cr8_legacy abm sse4a misalignsse 3dnowprefetch osvw ibs xop skinit wdt fma4 nodeid_msr topoext perfctr_core perfctr_nb cpb hw_pstate ssbd ibpb vmmcall arat npt lbrv svm_lock nrip_save tsc_scale vmcb_clean flushbyasid decodeassists pausefilter pfthreshold

Online cpus: 0-3
Offline cpus: 4-7
BIOS frequency limitation: 3600000
Frequency switch latency (ns): 4000
Available cpu frequencies: 3600000 3300000 2500000 1700000 1400000 
Current governor: schedutil
Core performance/turbo boost: 1

Memory: 4k page, physical 8098544k(581680k free), swap 8097788k(5929344k free)
Page Sizes: 4k

vm_info: OpenJDK 64-Bit Server VM (17.0.10+7) for linux-amd64 JRE (17.0.10+7), built on Jan 16 2024 00:00:00 by "admin" with gcc 10.3.0

END.
